2023.09.25 09:49:45 INFO  Started: Metals version 1.0.1 in folders '/home/saad/Desktop/Scala-Chisel-Learning-Journey/src' for client Visual Studio Code 1.82.2.
Sep 25, 2023 9:49:45 AM org.flywaydb.core.internal.license.VersionPrinter printVersionOnly
INFO: Flyway Community Edition 9.21.2 by Redgate
Sep 25, 2023 9:49:45 AM org.flywaydb.core.internal.license.VersionPrinter printVersion
INFO: See release notes here: https://rd.gt/416ObMi
Sep 25, 2023 9:49:45 AM org.flywaydb.core.internal.license.VersionPrinter printVersion
INFO: 
Sep 25, 2023 9:49:45 AM org.flywaydb.core.FlywayExecutor execute
INFO: Database: jdbc:h2:file:/home/saad/Desktop/Scala-Chisel-Learning-Journey/src/.metals/metals (H2 2.1)
Sep 25, 2023 9:49:45 AM org.flywaydb.core.internal.schemahistory.JdbcTableSchemaHistory allAppliedMigrations
INFO: Schema history table "PUBLIC"."flyway_schema_history" does not exist yet
Sep 25, 2023 9:49:45 AM org.flywaydb.core.internal.command.DbValidate validate
INFO: Successfully validated 4 migrations (execution time 00:00.037s)
Sep 25, 2023 9:49:45 AM org.flywaydb.core.internal.schemahistory.JdbcTableSchemaHistory create
INFO: Creating Schema History table "PUBLIC"."flyway_schema_history" ...
Sep 25, 2023 9:49:45 AM org.flywaydb.core.internal.command.DbMigrate migrateGroup
INFO: Current version of schema "PUBLIC": << Empty Schema >>
Sep 25, 2023 9:49:45 AM org.flywaydb.core.internal.command.DbMigrate doMigrateGroup
INFO: Migrating schema "PUBLIC" to version "1 - Create tables"
Sep 25, 2023 9:49:45 AM org.flywaydb.core.internal.command.DbMigrate doMigrateGroup
INFO: Migrating schema "PUBLIC" to version "2 - Server discovery"
Sep 25, 2023 9:49:46 AM org.flywaydb.core.internal.command.DbMigrate doMigrateGroup
INFO: Migrating schema "PUBLIC" to version "3 - Jar symbols"
Sep 25, 2023 9:49:46 AM org.flywaydb.core.internal.command.DbMigrate doMigrateGroup
INFO: Migrating schema "PUBLIC" to version "4 - Fingerprints"
Sep 25, 2023 9:49:46 AM org.flywaydb.core.internal.command.DbMigrate logSummary
INFO: Successfully applied 4 migrations to schema "PUBLIC", now at version v4 (execution time 00:00.052s)
2023.09.25 09:49:46 INFO  time: initialize in 1.15s
2023.09.25 09:49:48 WARN  scala-cli >= 0.1.3 not found in PATH, fetching and starting a JVM-based Scala CLI
2023.09.25 09:49:54 ERROR Unexpected error initializing server: 
coursierapi.error.SimpleResolutionError$1: Error downloading org.virtuslab.scala-cli:cli_3:1.0.4
  not found: /home/saad/.ivy2/local/org.virtuslab.scala-cli/cli_3/1.0.4/ivys/ivy.xml
  download error: Caught javax.net.ssl.SSLHandshakeException (PKIX path building failed: sun.security.provider.certpath.SunCertPathBuilderException: unable to find valid certification path to requested target) while downloading https://repo1.maven.org/maven2/org/virtuslab/scala-cli/cli_3/1.0.4/cli_3-1.0.4.pom
	at coursierapi.error.SimpleResolutionError.of(SimpleResolutionError.java:11)
	at coursierapi.shaded.coursier.internal.api.ApiHelper$.simpleResError(ApiHelper.scala:371)
	at coursierapi.shaded.coursier.internal.api.ApiHelper$.doFetch(ApiHelper.scala:415)
	at coursierapi.shaded.coursier.internal.api.ApiHelper.doFetch(ApiHelper.scala)
	at coursierapi.Fetch.fetchResult(Fetch.java:244)
	at coursierapi.Fetch.fetch(Fetch.java:239)
	at scala.meta.internal.metals.scalacli.ScalaCli$.scalaCliClassPath(ScalaCli.scala:323)
	at scala.meta.internal.metals.scalacli.ScalaCli.jvmBased(ScalaCli.scala:168)
	at scala.meta.internal.metals.scalacli.ScalaCli.$anonfun$cliCommand$1(ScalaCli.scala:163)
	at scala.Option.getOrElse(Option.scala:201)
	at scala.meta.internal.metals.scalacli.ScalaCli.cliCommand$lzycompute(ScalaCli.scala:159)
	at scala.meta.internal.metals.scalacli.ScalaCli.cliCommand(ScalaCli.scala:158)
	at scala.meta.internal.metals.scalacli.ScalaCli.start(ScalaCli.scala:214)
	at scala.meta.internal.metals.scalacli.ScalaCli.$anonfun$setupIDE$5(ScalaCli.scala:200)
	at scala.Option.getOrElse(Option.scala:201)
	at scala.meta.internal.metals.scalacli.ScalaCli.setupIDE(ScalaCli.scala:200)
	at scala.meta.internal.metals.MetalsLspService.maybeSetupScalaCli(MetalsLspService.scala:2015)
	at scala.meta.internal.metals.MetalsLspService.initialized(MetalsLspService.scala:883)
	at scala.meta.internal.metals.WorkspaceLspService.$anonfun$initialized$3(WorkspaceLspService.scala:1109)
	at scala.collection.immutable.List.map(List.scala:246)
	at scala.meta.internal.metals.WorkspaceLspService.$anonfun$initialized$2(WorkspaceLspService.scala:1109)
	at scala.concurrent.impl.Promise$Transformation.run(Promise.scala:470)
	at java.util.concurrent.ThreadPoolExecutor.runWorker(ThreadPoolExecutor.java:1128)
	at java.util.concurrent.ThreadPoolExecutor$Worker.run(ThreadPoolExecutor.java:628)
	at java.lang.Thread.run(Thread.java:829)

2023.09.25 09:49:55 INFO  no build target found for /home/saad/Desktop/Scala-Chisel-Learning-Journey/src/main/scala/gcd/SingleCycle/control.scala. Using presentation compiler with project's scala-library version: 3.3.0
Sep 25, 2023 9:49:55 AM org.eclipse.lsp4j.jsonrpc.RemoteEndpoint handleCancellation
WARNING: Unmatched cancel notification for request id 2
2023.09.25 09:49:56 WARN  no build target for: /home/saad/Desktop/Scala-Chisel-Learning-Journey/src/main/scala/gcd/SingleCycle/control.scala
Sep 25, 2023 9:49:56 AM org.eclipse.lsp4j.jsonrpc.RemoteEndpoint handleCancellation
WARNING: Unmatched cancel notification for request id 16
2023.09.25 09:49:56 WARN  no build target for: /home/saad/Desktop/Scala-Chisel-Learning-Journey/src/main/scala/gcd/SingleCycle/DataMem.scala
2023.09.25 09:49:57 WARN  no build target for: /home/saad/Desktop/Scala-Chisel-Learning-Journey/src/main/scala/gcd/SingleCycle/DataPath.scala
2023.09.25 09:49:59 INFO  time: code lens generation in 9.05s
2023.09.25 09:49:59 INFO  time: code lens generation in 1.18s
2023.09.25 09:49:59 INFO  time: code lens generation in 2.73s
2023.09.25 09:49:59 INFO  time: code lens generation in 2.82s
2023.09.25 09:49:59 INFO  time: code lens generation in 2.82s
2023.09.25 09:49:59 INFO  time: code lens generation in 2.95s
2023.09.25 09:49:59 INFO  time: code lens generation in 3.2s
2023.09.25 09:49:59 INFO  time: code lens generation in 3.22s
2023.09.25 09:49:59 INFO  time: code lens generation in 3.59s
2023.09.25 09:49:59 INFO  time: code lens generation in 3.68s
2023.09.25 09:49:59 INFO  time: code lens generation in 3.36s
2023.09.25 09:49:59 INFO  time: code lens generation in 3.95s
2023.09.25 09:50:01 WARN  no build target for: /home/saad/Desktop/Scala-Chisel-Learning-Journey/src/main/scala/gcd/SingleCycle/IMM.scala
2023.09.25 09:50:04 WARN  no build target for: /home/saad/Desktop/Scala-Chisel-Learning-Journey/src/main/scala/gcd/SingleCycle/InsMem.scala
Sep 25, 2023 9:50:05 AM org.eclipse.lsp4j.jsonrpc.RemoteEndpoint handleCancellation
WARNING: Unmatched cancel notification for request id 64
2023.09.25 09:50:08 WARN  no build target for: /home/saad/Desktop/Scala-Chisel-Learning-Journey/src/main/scala/gcd/SingleCycle/Pc.scala
2023.09.25 09:50:15 WARN  no build target for: /home/saad/Desktop/Scala-Chisel-Learning-Journey/src/main/scala/gcd/SingleCycle/RegFile.scala
Sep 25, 2023 10:01:54 AM org.eclipse.lsp4j.jsonrpc.RemoteEndpoint handleCancellation
WARNING: Unmatched cancel notification for request id 203
Sep 25, 2023 10:10:19 AM org.eclipse.lsp4j.jsonrpc.RemoteEndpoint handleCancellation
WARNING: Unmatched cancel notification for request id 320
2023.09.25 21:55:08 INFO  Started: Metals version 1.0.1 in folders '/home/saad/Desktop/Scala-Chisel-Learning-Journey/src' for client Visual Studio Code 1.82.2.
Sep 25, 2023 9:55:08 PM org.flywaydb.core.internal.license.VersionPrinter printVersionOnly
INFO: Flyway Community Edition 9.21.2 by Redgate
Sep 25, 2023 9:55:08 PM org.flywaydb.core.internal.license.VersionPrinter printVersion
INFO: See release notes here: https://rd.gt/416ObMi
Sep 25, 2023 9:55:08 PM org.flywaydb.core.internal.license.VersionPrinter printVersion
INFO: 
Sep 25, 2023 9:55:09 PM org.flywaydb.core.FlywayExecutor execute
INFO: Database: jdbc:h2:file:/home/saad/Desktop/Scala-Chisel-Learning-Journey/src/.metals/metals (H2 2.1)
Sep 25, 2023 9:55:09 PM org.flywaydb.core.internal.command.DbValidate validate
INFO: Successfully validated 4 migrations (execution time 00:00.036s)
Sep 25, 2023 9:55:09 PM org.flywaydb.core.internal.command.DbMigrate migrateGroup
INFO: Current version of schema "PUBLIC": 4
Sep 25, 2023 9:55:09 PM org.flywaydb.core.internal.command.DbMigrate logSummary
INFO: Schema "PUBLIC" is up to date. No migration necessary.
2023.09.25 21:55:09 INFO  time: initialize in 0.83s
2023.11.30 13:29:18 INFO  Started: Metals version 1.1.0 in folders '/home/saad/Desktop/Scala-Chisel-Learning-Journey/src' for client Visual Studio Code 1.84.2.
2023.11.30 13:29:20 WARN  Build server is not auto-connectable.
2023.11.30 13:29:20 WARN  no build target for: /home/saad/Desktop/Scala-Chisel-Learning-Journey/src/main/scala/gcd/SingleCycle/IMM.scala
2023.11.30 13:29:37 WARN  no build target for: /home/saad/Desktop/Scala-Chisel-Learning-Journey/src/main/scala/gcd/SingleCycle/Pc.scala
2023.11.30 13:29:40 WARN  no build target for: /home/saad/Desktop/Scala-Chisel-Learning-Journey/src/main/scala/gcd/SingleCycle/InsMem.scala
2023.11.30 13:30:26 INFO  no build target found for /home/saad/Desktop/Scala-Chisel-Learning-Journey/src/main/scala/gcd/SingleCycle/IMM.scala. Using presentation compiler with project's scala-library version: 3.3.1
2023.11.30 13:30:26 WARN  no build target for: /home/saad/Desktop/Scala-Chisel-Learning-Journey/src/test/scala/gcd/SingleCycle/InsMemTester.scala
2023.11.30 13:30:29 INFO  time: code lens generation in 2.75s
2023.11.30 13:30:29 INFO  time: code lens generation in 48s
2023.11.30 13:30:29 INFO  time: code lens generation in 51s
2023.11.30 13:30:29 INFO  time: code lens generation in 1m9s
2023.11.30 13:34:36 WARN  no build target for: /home/saad/Desktop/Scala-Chisel-Learning-Journey/src/main/scala/gcd/SingleCycle/ALU.scala
Nov 30, 2023 1:35:15 PM org.eclipse.lsp4j.jsonrpc.RemoteEndpoint handleCancellation
WARNING: Unmatched cancel notification for request id 46
2023.11.30 13:35:38 WARN  no build target for: /home/saad/Desktop/Scala-Chisel-Learning-Journey/src/main/scala/gcd/SingleCycle/Fetch.scala.scala
2023.11.30 13:36:10 WARN  no build target for: /home/saad/Desktop/Scala-Chisel-Learning-Journey/src/main/scala/gcd/SingleCycle/Fetch.scala.scala
2023.11.30 13:36:12 WARN  no build target for: /home/saad/Desktop/Scala-Chisel-Learning-Journey/src/main/scala/gcd/SingleCycle/Fetch.scala.scala
2023.11.30 13:39:15 WARN  no build target for: /home/saad/Desktop/Scala-Chisel-Learning-Journey/src/main/scala/gcd/SingleCycle/DataPath.scala
2023.11.30 13:40:02 WARN  no build target for: /home/saad/Desktop/Scala-Chisel-Learning-Journey/src/main/scala/gcd/SingleCycle/control.scala
Nov 30, 2023 1:40:03 PM org.eclipse.lsp4j.jsonrpc.RemoteEndpoint handleCancellation
WARNING: Unmatched cancel notification for request id 120
2023.11.30 13:44:05 WARN  no build target for: /home/saad/Desktop/Scala-Chisel-Learning-Journey/src/main/scala/gcd/SingleCycle/Fetch.scala.scala
2023.11.30 13:44:27 WARN  no build target for: /home/saad/Desktop/Scala-Chisel-Learning-Journey/src/main/scala/gcd/SingleCycle/Fetch.scala
2023.11.30 13:44:32 WARN  no build target for: /home/saad/Desktop/Scala-Chisel-Learning-Journey/src/main/scala/gcd/SingleCycle/Fetch.scala
2023.11.30 13:44:36 WARN  no build target for: /home/saad/Desktop/Scala-Chisel-Learning-Journey/src/main/scala/gcd/SingleCycle/Fetch.scala
2023.11.30 13:44:42 WARN  no build target for: /home/saad/Desktop/Scala-Chisel-Learning-Journey/src/main/scala/gcd/SingleCycle/Fetch.scala
2023.11.30 13:44:45 WARN  no build target for: /home/saad/Desktop/Scala-Chisel-Learning-Journey/src/main/scala/gcd/SingleCycle/Fetch.scala
2023.11.30 13:44:51 WARN  no build target for: /home/saad/Desktop/Scala-Chisel-Learning-Journey/src/main/scala/gcd/SingleCycle/Fetch.scala
2023.11.30 13:44:56 WARN  no build target for: /home/saad/Desktop/Scala-Chisel-Learning-Journey/src/main/scala/gcd/SingleCycle/Fetch.scala
2023.11.30 13:44:59 WARN  no build target for: /home/saad/Desktop/Scala-Chisel-Learning-Journey/src/main/scala/gcd/SingleCycle/Fetch.scala
2023.11.30 13:45:01 WARN  no build target for: /home/saad/Desktop/Scala-Chisel-Learning-Journey/src/main/scala/gcd/SingleCycle/Fetch.scala
2023.11.30 13:45:03 WARN  no build target for: /home/saad/Desktop/Scala-Chisel-Learning-Journey/src/main/scala/gcd/SingleCycle/Fetch.scala
2023.11.30 13:45:07 WARN  no build target for: /home/saad/Desktop/Scala-Chisel-Learning-Journey/src/main/scala/gcd/SingleCycle/Fetch.scala
2023.11.30 13:45:10 WARN  no build target for: /home/saad/Desktop/Scala-Chisel-Learning-Journey/src/main/scala/gcd/SingleCycle/Fetch.scala
2023.11.30 13:45:15 WARN  no build target for: /home/saad/Desktop/Scala-Chisel-Learning-Journey/src/main/scala/gcd/SingleCycle/Fetch.scala
2023.11.30 13:45:18 WARN  no build target for: /home/saad/Desktop/Scala-Chisel-Learning-Journey/src/main/scala/gcd/SingleCycle/Fetch.scala
2023.11.30 13:45:22 WARN  no build target for: /home/saad/Desktop/Scala-Chisel-Learning-Journey/src/main/scala/gcd/SingleCycle/Fetch.scala
2023.11.30 13:45:24 WARN  no build target for: /home/saad/Desktop/Scala-Chisel-Learning-Journey/src/main/scala/gcd/SingleCycle/Fetch.scala
2023.11.30 13:45:52 WARN  no build target for: /home/saad/Desktop/Scala-Chisel-Learning-Journey/src/main/scala/gcd/SingleCycle/Fetch.scala
2023.11.30 13:45:56 WARN  no build target for: /home/saad/Desktop/Scala-Chisel-Learning-Journey/src/main/scala/gcd/SingleCycle/Fetch.scala
2023.11.30 13:46:03 WARN  no build target for: /home/saad/Desktop/Scala-Chisel-Learning-Journey/src/main/scala/gcd/SingleCycle/Fetch.scala
Nov 30, 2023 1:46:47 PM org.eclipse.lsp4j.jsonrpc.RemoteEndpoint handleCancellation
WARNING: Unmatched cancel notification for request id 433
2023.11.30 13:47:16 WARN  no build target for: /home/saad/Desktop/Scala-Chisel-Learning-Journey/src/main/scala/gcd/SingleCycle/Fetch.scala
2023.11.30 13:47:18 WARN  no build target for: /home/saad/Desktop/Scala-Chisel-Learning-Journey/src/main/scala/gcd/SingleCycle/Fetch.scala
2023.11.30 13:47:24 WARN  no build target for: /home/saad/Desktop/Scala-Chisel-Learning-Journey/src/main/scala/gcd/SingleCycle/Fetch.scala
2023.11.30 13:47:25 WARN  no build target for: /home/saad/Desktop/Scala-Chisel-Learning-Journey/src/main/scala/gcd/SingleCycle/Fetch.scala
2023.11.30 13:47:26 WARN  no build target for: /home/saad/Desktop/Scala-Chisel-Learning-Journey/src/main/scala/gcd/SingleCycle/Fetch.scala
2023.11.30 13:47:27 WARN  no build target for: /home/saad/Desktop/Scala-Chisel-Learning-Journey/src/main/scala/gcd/SingleCycle/Fetch.scala
2023.11.30 13:47:29 WARN  no build target for: /home/saad/Desktop/Scala-Chisel-Learning-Journey/src/main/scala/gcd/SingleCycle/Fetch.scala
2023.11.30 13:47:45 WARN  no build target for: /home/saad/Desktop/Scala-Chisel-Learning-Journey/src/main/scala/gcd/SingleCycle/Fetch.scala
2023.11.30 13:47:46 WARN  no build target for: /home/saad/Desktop/Scala-Chisel-Learning-Journey/src/main/scala/gcd/SingleCycle/Fetch.scala
2023.11.30 13:47:50 WARN  no build target for: /home/saad/Desktop/Scala-Chisel-Learning-Journey/src/main/scala/gcd/SingleCycle/Fetch.scala
2023.11.30 13:47:52 WARN  no build target for: /home/saad/Desktop/Scala-Chisel-Learning-Journey/src/main/scala/gcd/SingleCycle/Fetch.scala
2023.11.30 13:49:36 WARN  no build target for: /home/saad/Desktop/Scala-Chisel-Learning-Journey/src/main/scala/gcd/SingleCycle/Fetch.scala
2023.11.30 13:49:40 WARN  no build target for: /home/saad/Desktop/Scala-Chisel-Learning-Journey/src/main/scala/gcd/SingleCycle/Fetch.scala
2023.11.30 13:49:42 WARN  no build target for: /home/saad/Desktop/Scala-Chisel-Learning-Journey/src/main/scala/gcd/SingleCycle/Fetch.scala
2023.11.30 13:49:44 WARN  no build target for: /home/saad/Desktop/Scala-Chisel-Learning-Journey/src/main/scala/gcd/SingleCycle/Fetch.scala
2023.11.30 13:49:46 WARN  no build target for: /home/saad/Desktop/Scala-Chisel-Learning-Journey/src/main/scala/gcd/SingleCycle/Fetch.scala
2023.11.30 13:49:53 WARN  no build target for: /home/saad/Desktop/Scala-Chisel-Learning-Journey/src/main/scala/gcd/SingleCycle/Fetch.scala
2023.11.30 13:49:57 WARN  no build target for: /home/saad/Desktop/Scala-Chisel-Learning-Journey/src/main/scala/gcd/SingleCycle/Fetch.scala
2023.11.30 13:50:36 WARN  no build target for: /home/saad/Desktop/Scala-Chisel-Learning-Journey/src/main/scala/gcd/SingleCycle/Fetch.scala
2023.11.30 13:51:11 WARN  no build target for: /home/saad/Desktop/Scala-Chisel-Learning-Journey/src/main/scala/gcd/SingleCycle/Fetch.scala
2023.11.30 13:51:14 WARN  no build target for: /home/saad/Desktop/Scala-Chisel-Learning-Journey/src/main/scala/gcd/SingleCycle/Fetch.scala
2023.11.30 13:51:18 WARN  no build target for: /home/saad/Desktop/Scala-Chisel-Learning-Journey/src/main/scala/gcd/SingleCycle/Fetch.scala
2023.11.30 13:51:21 WARN  no build target for: /home/saad/Desktop/Scala-Chisel-Learning-Journey/src/main/scala/gcd/SingleCycle/Fetch.scala
2023.11.30 13:51:23 WARN  no build target for: /home/saad/Desktop/Scala-Chisel-Learning-Journey/src/main/scala/gcd/SingleCycle/Fetch.scala
2023.11.30 13:51:24 WARN  no build target for: /home/saad/Desktop/Scala-Chisel-Learning-Journey/src/main/scala/gcd/SingleCycle/Fetch.scala
2023.11.30 13:51:27 WARN  no build target for: /home/saad/Desktop/Scala-Chisel-Learning-Journey/src/main/scala/gcd/SingleCycle/Fetch.scala
2023.11.30 13:51:34 WARN  no build target for: /home/saad/Desktop/Scala-Chisel-Learning-Journey/src/main/scala/gcd/SingleCycle/Fetch.scala
2023.11.30 13:51:40 WARN  no build target for: /home/saad/Desktop/Scala-Chisel-Learning-Journey/src/main/scala/gcd/SingleCycle/Fetch.scala
2023.11.30 13:51:54 WARN  no build target for: /home/saad/Desktop/Scala-Chisel-Learning-Journey/src/main/scala/gcd/SingleCycle/Fetch.scala
2023.11.30 13:51:57 WARN  no build target for: /home/saad/Desktop/Scala-Chisel-Learning-Journey/src/main/scala/gcd/SingleCycle/Fetch.scala
2023.11.30 13:52:01 WARN  no build target for: /home/saad/Desktop/Scala-Chisel-Learning-Journey/src/main/scala/gcd/SingleCycle/Fetch.scala
2023.11.30 13:52:04 WARN  no build target for: /home/saad/Desktop/Scala-Chisel-Learning-Journey/src/main/scala/gcd/SingleCycle/Fetch.scala
2023.11.30 13:52:09 WARN  no build target for: /home/saad/Desktop/Scala-Chisel-Learning-Journey/src/main/scala/gcd/SingleCycle/Fetch.scala
2023.11.30 13:52:12 WARN  no build target for: /home/saad/Desktop/Scala-Chisel-Learning-Journey/src/main/scala/gcd/SingleCycle/Fetch.scala
2023.11.30 13:52:16 WARN  no build target for: /home/saad/Desktop/Scala-Chisel-Learning-Journey/src/main/scala/gcd/SingleCycle/Fetch.scala
2023.11.30 13:52:31 WARN  no build target for: /home/saad/Desktop/Scala-Chisel-Learning-Journey/src/main/scala/gcd/SingleCycle/Fetch.scala
2023.11.30 13:52:34 WARN  no build target for: /home/saad/Desktop/Scala-Chisel-Learning-Journey/src/main/scala/gcd/SingleCycle/Fetch.scala
2023.11.30 13:55:41 WARN  no build target for: /home/saad/Desktop/Scala-Chisel-Learning-Journey/src/main/scala/gcd/SingleCycle/Fetch.scala
2023.11.30 13:55:44 WARN  no build target for: /home/saad/Desktop/Scala-Chisel-Learning-Journey/src/main/scala/gcd/SingleCycle/Fetch.scala
2023.11.30 13:56:11 WARN  no build target for: /home/saad/Desktop/Scala-Chisel-Learning-Journey/src/main/scala/gcd/SingleCycle/Fetch.scala
2023.11.30 13:56:13 WARN  no build target for: /home/saad/Desktop/Scala-Chisel-Learning-Journey/src/main/scala/gcd/SingleCycle/Fetch.scala
2023.11.30 13:56:15 WARN  no build target for: /home/saad/Desktop/Scala-Chisel-Learning-Journey/src/main/scala/gcd/SingleCycle/Fetch.scala
2023.11.30 13:56:19 WARN  no build target for: /home/saad/Desktop/Scala-Chisel-Learning-Journey/src/main/scala/gcd/SingleCycle/Fetch.scala
2023.11.30 13:56:27 WARN  no build target for: /home/saad/Desktop/Scala-Chisel-Learning-Journey/src/main/scala/gcd/SingleCycle/Fetch.scala
2023.11.30 13:57:08 WARN  no build target for: /home/saad/Desktop/Scala-Chisel-Learning-Journey/src/main/scala/gcd/SingleCycle/DataPath.scala
2023.11.30 13:57:19 WARN  no build target for: /home/saad/Desktop/Scala-Chisel-Learning-Journey/src/main/scala/gcd/SingleCycle/DataPath.scala
2023.11.30 13:57:20 WARN  no build target for: /home/saad/Desktop/Scala-Chisel-Learning-Journey/src/main/scala/gcd/SingleCycle/DataPath.scala
Nov 30, 2023 1:57:21 PM org.eclipse.lsp4j.jsonrpc.RemoteEndpoint handleCancellation
WARNING: Unmatched cancel notification for request id 1030
2023.11.30 13:57:22 WARN  no build target for: /home/saad/Desktop/Scala-Chisel-Learning-Journey/src/main/scala/gcd/SingleCycle/DataPath.scala
2023.11.30 13:57:25 WARN  no build target for: /home/saad/Desktop/Scala-Chisel-Learning-Journey/src/main/scala/gcd/SingleCycle/DataPath.scala
2023.11.30 13:57:35 WARN  no build target for: /home/saad/Desktop/Scala-Chisel-Learning-Journey/src/main/scala/gcd/SingleCycle/DataPath.scala
2023.11.30 13:57:36 WARN  no build target for: /home/saad/Desktop/Scala-Chisel-Learning-Journey/src/main/scala/gcd/SingleCycle/DataPath.scala
2023.11.30 13:57:39 WARN  no build target for: /home/saad/Desktop/Scala-Chisel-Learning-Journey/src/main/scala/gcd/SingleCycle/DataPath.scala
2023.11.30 13:57:41 WARN  no build target for: /home/saad/Desktop/Scala-Chisel-Learning-Journey/src/main/scala/gcd/SingleCycle/DataPath.scala
2023.11.30 13:57:52 WARN  no build target for: /home/saad/Desktop/Scala-Chisel-Learning-Journey/src/main/scala/gcd/SingleCycle/DataPath.scala
2023.11.30 13:57:54 WARN  no build target for: /home/saad/Desktop/Scala-Chisel-Learning-Journey/src/main/scala/gcd/SingleCycle/DataPath.scala
2023.11.30 13:57:56 WARN  no build target for: /home/saad/Desktop/Scala-Chisel-Learning-Journey/src/main/scala/gcd/SingleCycle/DataPath.scala
2023.11.30 13:57:59 WARN  no build target for: /home/saad/Desktop/Scala-Chisel-Learning-Journey/src/main/scala/gcd/SingleCycle/DataPath.scala
2023.11.30 13:58:02 WARN  no build target for: /home/saad/Desktop/Scala-Chisel-Learning-Journey/src/main/scala/gcd/SingleCycle/DataPath.scala
2023.11.30 13:58:06 WARN  no build target for: /home/saad/Desktop/Scala-Chisel-Learning-Journey/src/main/scala/gcd/SingleCycle/DataPath.scala
2023.11.30 13:58:10 WARN  no build target for: /home/saad/Desktop/Scala-Chisel-Learning-Journey/src/main/scala/gcd/SingleCycle/DataPath.scala
2023.11.30 13:58:12 WARN  no build target for: /home/saad/Desktop/Scala-Chisel-Learning-Journey/src/main/scala/gcd/SingleCycle/DataPath.scala
2023.11.30 13:58:13 WARN  no build target for: /home/saad/Desktop/Scala-Chisel-Learning-Journey/src/main/scala/gcd/SingleCycle/DataPath.scala
2023.11.30 13:58:15 WARN  no build target for: /home/saad/Desktop/Scala-Chisel-Learning-Journey/src/main/scala/gcd/SingleCycle/DataPath.scala
2023.11.30 13:58:19 WARN  no build target for: /home/saad/Desktop/Scala-Chisel-Learning-Journey/src/main/scala/gcd/SingleCycle/DataPath.scala
2023.11.30 13:58:22 WARN  no build target for: /home/saad/Desktop/Scala-Chisel-Learning-Journey/src/main/scala/gcd/SingleCycle/DataPath.scala
2023.11.30 13:58:24 WARN  no build target for: /home/saad/Desktop/Scala-Chisel-Learning-Journey/src/main/scala/gcd/SingleCycle/DataPath.scala
2023.11.30 13:58:27 WARN  no build target for: /home/saad/Desktop/Scala-Chisel-Learning-Journey/src/main/scala/gcd/SingleCycle/DataPath.scala
2023.11.30 13:58:57 WARN  no build target for: /home/saad/Desktop/Scala-Chisel-Learning-Journey/src/main/scala/gcd/SingleCycle/DataPath.scala
2023.11.30 13:58:59 WARN  no build target for: /home/saad/Desktop/Scala-Chisel-Learning-Journey/src/main/scala/gcd/SingleCycle/DataPath.scala
2023.11.30 13:59:03 WARN  no build target for: /home/saad/Desktop/Scala-Chisel-Learning-Journey/src/main/scala/gcd/SingleCycle/DataPath.scala
2023.11.30 13:59:24 WARN  no build target for: /home/saad/Desktop/Scala-Chisel-Learning-Journey/src/main/scala/gcd/SingleCycle/DataPath.scala
2023.11.30 13:59:26 WARN  no build target for: /home/saad/Desktop/Scala-Chisel-Learning-Journey/src/main/scala/gcd/SingleCycle/DataPath.scala
Nov 30, 2023 1:59:28 PM org.eclipse.lsp4j.jsonrpc.RemoteEndpoint handleCancellation
WARNING: Unmatched cancel notification for request id 1314
2023.11.30 13:59:29 WARN  no build target for: /home/saad/Desktop/Scala-Chisel-Learning-Journey/src/main/scala/gcd/SingleCycle/DataPath.scala
Nov 30, 2023 1:59:32 PM org.eclipse.lsp4j.jsonrpc.RemoteEndpoint handleCancellation
WARNING: Unmatched cancel notification for request id 1323
2023.11.30 13:59:35 WARN  no build target for: /home/saad/Desktop/Scala-Chisel-Learning-Journey/src/main/scala/gcd/SingleCycle/DataPath.scala
2023.11.30 13:59:39 WARN  no build target for: /home/saad/Desktop/Scala-Chisel-Learning-Journey/src/main/scala/gcd/SingleCycle/DataPath.scala
2023.11.30 13:59:40 WARN  no build target for: /home/saad/Desktop/Scala-Chisel-Learning-Journey/src/main/scala/gcd/SingleCycle/DataPath.scala
2023.11.30 13:59:52 WARN  no build target for: /home/saad/Desktop/Scala-Chisel-Learning-Journey/src/main/scala/gcd/SingleCycle/DataPath.scala
2023.11.30 13:59:59 WARN  no build target for: /home/saad/Desktop/Scala-Chisel-Learning-Journey/src/main/scala/gcd/SingleCycle/DataPath.scala
2023.11.30 14:00:17 WARN  no build target for: /home/saad/Desktop/Scala-Chisel-Learning-Journey/src/main/scala/gcd/SingleCycle/Fetch.scala
2023.11.30 14:00:22 WARN  no build target for: /home/saad/Desktop/Scala-Chisel-Learning-Journey/src/main/scala/gcd/SingleCycle/Fetch.scala
2023.11.30 14:00:27 WARN  no build target for: /home/saad/Desktop/Scala-Chisel-Learning-Journey/src/main/scala/gcd/SingleCycle/Fetch.scala
2023.11.30 14:00:31 WARN  no build target for: /home/saad/Desktop/Scala-Chisel-Learning-Journey/src/main/scala/gcd/SingleCycle/Fetch.scala
2023.11.30 14:00:35 WARN  no build target for: /home/saad/Desktop/Scala-Chisel-Learning-Journey/src/main/scala/gcd/SingleCycle/Fetch.scala
2023.11.30 14:00:39 WARN  no build target for: /home/saad/Desktop/Scala-Chisel-Learning-Journey/src/main/scala/gcd/SingleCycle/Fetch.scala
2023.11.30 14:00:48 WARN  no build target for: /home/saad/Desktop/Scala-Chisel-Learning-Journey/src/main/scala/gcd/SingleCycle/Fetch.scala
2023.11.30 14:00:52 WARN  no build target for: /home/saad/Desktop/Scala-Chisel-Learning-Journey/src/main/scala/gcd/SingleCycle/Fetch.scala
2023.11.30 14:00:55 WARN  no build target for: /home/saad/Desktop/Scala-Chisel-Learning-Journey/src/main/scala/gcd/SingleCycle/Fetch.scala
2023.11.30 14:00:57 WARN  no build target for: /home/saad/Desktop/Scala-Chisel-Learning-Journey/src/main/scala/gcd/SingleCycle/Fetch.scala
2023.11.30 14:07:07 WARN  no build target for: /home/saad/Desktop/Scala-Chisel-Learning-Journey/src/main/scala/gcd/SingleCycle/Fetch.scala
2023.11.30 14:07:08 WARN  no build target for: /home/saad/Desktop/Scala-Chisel-Learning-Journey/src/main/scala/gcd/SingleCycle/Fetch.scala
2023.11.30 14:07:13 WARN  no build target for: /home/saad/Desktop/Scala-Chisel-Learning-Journey/src/main/scala/gcd/SingleCycle/Fetch.scala
2023.11.30 14:07:18 WARN  no build target for: /home/saad/Desktop/Scala-Chisel-Learning-Journey/src/main/scala/gcd/SingleCycle/Fetch.scala
2023.11.30 14:07:22 WARN  no build target for: /home/saad/Desktop/Scala-Chisel-Learning-Journey/src/main/scala/gcd/SingleCycle/Fetch.scala
2023.11.30 14:07:23 WARN  no build target for: /home/saad/Desktop/Scala-Chisel-Learning-Journey/src/main/scala/gcd/SingleCycle/Fetch.scala
2023.11.30 14:07:43 WARN  no build target for: /home/saad/Desktop/Scala-Chisel-Learning-Journey/src/main/scala/gcd/SingleCycle/Fetch.scala
2023.11.30 14:07:47 WARN  no build target for: /home/saad/Desktop/Scala-Chisel-Learning-Journey/src/main/scala/gcd/SingleCycle/Fetch.scala
2023.11.30 14:07:51 WARN  no build target for: /home/saad/Desktop/Scala-Chisel-Learning-Journey/src/main/scala/gcd/SingleCycle/Fetch.scala
2023.11.30 14:11:28 WARN  no build target for: /home/saad/Desktop/Scala-Chisel-Learning-Journey/src/main/scala/gcd/SingleCycle/Fetch.scala
2023.11.30 14:11:32 WARN  no build target for: /home/saad/Desktop/Scala-Chisel-Learning-Journey/src/main/scala/gcd/SingleCycle/Fetch.scala
2023.11.30 14:11:35 WARN  no build target for: /home/saad/Desktop/Scala-Chisel-Learning-Journey/src/main/scala/gcd/SingleCycle/Fetch.scala
2023.11.30 14:11:48 WARN  Using indexes to guess the definition of pc
2023.11.30 14:11:49 WARN  no build target for: /home/saad/Desktop/Scala-Chisel-Learning-Journey/src/main/scala/gcd/SingleCycle/DataPath.scala
2023.11.30 14:11:57 WARN  no build target for: /home/saad/Desktop/Scala-Chisel-Learning-Journey/src/main/scala/gcd/SingleCycle/Fetch.scala
2023.11.30 14:11:59 WARN  no build target for: /home/saad/Desktop/Scala-Chisel-Learning-Journey/src/main/scala/gcd/SingleCycle/Fetch.scala
2023.11.30 14:12:04 WARN  no build target for: /home/saad/Desktop/Scala-Chisel-Learning-Journey/src/main/scala/gcd/SingleCycle/Fetch.scala
2023.11.30 14:12:12 WARN  no build target for: /home/saad/Desktop/Scala-Chisel-Learning-Journey/src/main/scala/gcd/SingleCycle/Fetch.scala
2023.11.30 14:12:15 WARN  no build target for: /home/saad/Desktop/Scala-Chisel-Learning-Journey/src/main/scala/gcd/SingleCycle/Fetch.scala
2023.11.30 14:12:17 WARN  no build target for: /home/saad/Desktop/Scala-Chisel-Learning-Journey/src/main/scala/gcd/SingleCycle/Fetch.scala
2023.11.30 14:12:19 WARN  no build target for: /home/saad/Desktop/Scala-Chisel-Learning-Journey/src/main/scala/gcd/SingleCycle/Fetch.scala
2023.11.30 14:12:23 WARN  no build target for: /home/saad/Desktop/Scala-Chisel-Learning-Journey/src/main/scala/gcd/SingleCycle/Fetch.scala
2023.11.30 14:12:29 WARN  no build target for: /home/saad/Desktop/Scala-Chisel-Learning-Journey/src/main/scala/gcd/SingleCycle/Fetch.scala
2023.11.30 14:12:30 WARN  no build target for: /home/saad/Desktop/Scala-Chisel-Learning-Journey/src/main/scala/gcd/SingleCycle/Fetch.scala
2023.11.30 14:12:35 WARN  no build target for: /home/saad/Desktop/Scala-Chisel-Learning-Journey/src/main/scala/gcd/SingleCycle/Fetch.scala
2023.11.30 14:12:43 WARN  no build target for: /home/saad/Desktop/Scala-Chisel-Learning-Journey/src/main/scala/gcd/SingleCycle/Fetch.scala
2023.11.30 14:12:45 WARN  no build target for: /home/saad/Desktop/Scala-Chisel-Learning-Journey/src/main/scala/gcd/SingleCycle/Fetch.scala
2023.11.30 14:13:12 WARN  no build target for: /home/saad/Desktop/Scala-Chisel-Learning-Journey/src/main/scala/gcd/SingleCycle/Decode.scala
2023.11.30 14:13:12 WARN  Could not find semantic tokens for: file:///home/saad/Desktop/Scala-Chisel-Learning-Journey/src/main/scala/gcd/SingleCycle/Decode.scala
2023.11.30 14:13:12 WARN  Could not find semantic tokens for: file:///home/saad/Desktop/Scala-Chisel-Learning-Journey/src/main/scala/gcd/SingleCycle/Decode.scala
2023.11.30 14:13:19 WARN  Could not find semantic tokens for: file:///home/saad/Desktop/Scala-Chisel-Learning-Journey/src/main/scala/gcd/SingleCycle/Decode.scala
2023.11.30 14:13:21 WARN  no build target for: /home/saad/Desktop/Scala-Chisel-Learning-Journey/src/main/scala/gcd/SingleCycle/Decode.scala
2023.11.30 14:17:06 WARN  no build target for: /home/saad/Desktop/Scala-Chisel-Learning-Journey/src/main/scala/gcd/SingleCycle/Decode.scala
2023.11.30 14:17:09 WARN  no build target for: /home/saad/Desktop/Scala-Chisel-Learning-Journey/src/main/scala/gcd/SingleCycle/Decode.scala
2023.11.30 14:17:35 WARN  no build target for: /home/saad/Desktop/Scala-Chisel-Learning-Journey/src/main/scala/gcd/SingleCycle/Decode.scala
2023.11.30 14:22:07 WARN  no build target for: /home/saad/Desktop/Scala-Chisel-Learning-Journey/src/main/scala/gcd/SingleCycle/Branch.scala
2023.11.30 23:28:05 WARN  no build target for: /home/saad/Desktop/Scala-Chisel-Learning-Journey/src/main/scala/gcd/SingleCycle/Decode.scala
2023.11.30 23:28:12 WARN  no build target for: /home/saad/Desktop/Scala-Chisel-Learning-Journey/src/main/scala/gcd/SingleCycle/Decode.scala
2023.11.30 23:28:16 WARN  no build target for: /home/saad/Desktop/Scala-Chisel-Learning-Journey/src/main/scala/gcd/SingleCycle/Decode.scala
2023.11.30 23:28:20 WARN  no build target for: /home/saad/Desktop/Scala-Chisel-Learning-Journey/src/main/scala/gcd/SingleCycle/Decode.scala
2023.11.30 23:28:23 WARN  no build target for: /home/saad/Desktop/Scala-Chisel-Learning-Journey/src/main/scala/gcd/SingleCycle/Decode.scala
2023.11.30 23:28:25 WARN  no build target for: /home/saad/Desktop/Scala-Chisel-Learning-Journey/src/main/scala/gcd/SingleCycle/Decode.scala
2023.11.30 23:28:27 WARN  no build target for: /home/saad/Desktop/Scala-Chisel-Learning-Journey/src/main/scala/gcd/SingleCycle/Decode.scala
2023.11.30 23:28:32 WARN  no build target for: /home/saad/Desktop/Scala-Chisel-Learning-Journey/src/main/scala/gcd/SingleCycle/Decode.scala
2023.11.30 23:28:39 WARN  no build target for: /home/saad/Desktop/Scala-Chisel-Learning-Journey/src/main/scala/gcd/SingleCycle/Decode.scala
2023.11.30 23:28:40 WARN  no build target for: /home/saad/Desktop/Scala-Chisel-Learning-Journey/src/main/scala/gcd/SingleCycle/Decode.scala
2023.11.30 23:28:42 WARN  no build target for: /home/saad/Desktop/Scala-Chisel-Learning-Journey/src/main/scala/gcd/SingleCycle/Decode.scala
2023.11.30 23:28:45 WARN  no build target for: /home/saad/Desktop/Scala-Chisel-Learning-Journey/src/main/scala/gcd/SingleCycle/Decode.scala
2023.11.30 23:28:48 WARN  no build target for: /home/saad/Desktop/Scala-Chisel-Learning-Journey/src/main/scala/gcd/SingleCycle/Decode.scala
2023.11.30 23:28:53 WARN  no build target for: /home/saad/Desktop/Scala-Chisel-Learning-Journey/src/main/scala/gcd/SingleCycle/Decode.scala
2023.11.30 23:29:21 WARN  no build target for: /home/saad/Desktop/Scala-Chisel-Learning-Journey/src/main/scala/gcd/SingleCycle/DataPath.scala
2023.11.30 23:29:26 WARN  no build target for: /home/saad/Desktop/Scala-Chisel-Learning-Journey/src/main/scala/gcd/SingleCycle/DataPath.scala
2023.11.30 23:29:27 WARN  no build target for: /home/saad/Desktop/Scala-Chisel-Learning-Journey/src/main/scala/gcd/SingleCycle/DataPath.scala
2023.11.30 23:29:30 WARN  no build target for: /home/saad/Desktop/Scala-Chisel-Learning-Journey/src/main/scala/gcd/SingleCycle/DataPath.scala
2023.11.30 23:29:33 WARN  no build target for: /home/saad/Desktop/Scala-Chisel-Learning-Journey/src/main/scala/gcd/SingleCycle/DataPath.scala
2023.11.30 23:29:35 WARN  no build target for: /home/saad/Desktop/Scala-Chisel-Learning-Journey/src/main/scala/gcd/SingleCycle/DataPath.scala
2023.11.30 23:29:43 WARN  no build target for: /home/saad/Desktop/Scala-Chisel-Learning-Journey/src/main/scala/gcd/SingleCycle/DataPath.scala
2023.11.30 23:29:56 WARN  no build target for: /home/saad/Desktop/Scala-Chisel-Learning-Journey/src/main/scala/gcd/SingleCycle/DataPath.scala
2023.11.30 23:29:58 WARN  no build target for: /home/saad/Desktop/Scala-Chisel-Learning-Journey/src/main/scala/gcd/SingleCycle/DataPath.scala
2023.11.30 23:29:59 WARN  no build target for: /home/saad/Desktop/Scala-Chisel-Learning-Journey/src/main/scala/gcd/SingleCycle/DataPath.scala
2023.11.30 23:31:22 WARN  no build target for: /home/saad/Desktop/Scala-Chisel-Learning-Journey/src/main/scala/gcd/SingleCycle/Decode.scala
Nov 30, 2023 11:31:24 PM org.eclipse.lsp4j.jsonrpc.RemoteEndpoint handleCancellation
WARNING: Unmatched cancel notification for request id 2306
2023.11.30 23:31:26 WARN  no build target for: /home/saad/Desktop/Scala-Chisel-Learning-Journey/src/main/scala/gcd/SingleCycle/Decode.scala
2023.11.30 23:31:31 WARN  no build target for: /home/saad/Desktop/Scala-Chisel-Learning-Journey/src/main/scala/gcd/SingleCycle/Decode.scala
2023.11.30 23:31:34 WARN  no build target for: /home/saad/Desktop/Scala-Chisel-Learning-Journey/src/main/scala/gcd/SingleCycle/Decode.scala
2023.11.30 23:31:37 WARN  no build target for: /home/saad/Desktop/Scala-Chisel-Learning-Journey/src/main/scala/gcd/SingleCycle/Decode.scala
2023.12.01 00:56:37 WARN  no build target for: /home/saad/Desktop/Scala-Chisel-Learning-Journey/src/main/scala/gcd/SingleCycle/Decode.scala
2023.12.01 00:56:39 WARN  no build target for: /home/saad/Desktop/Scala-Chisel-Learning-Journey/src/main/scala/gcd/SingleCycle/Decode.scala
2023.12.01 01:02:47 INFO  Shutting down server
2023.12.01 01:02:47 INFO  shutting down Metals
2023.12.01 01:02:47 INFO  Exiting server
2023.12.01 14:16:25 INFO  Started: Metals version 1.1.0 in folders '/home/saad/Desktop/Scala-Chisel-Learning-Journey/src' for client Visual Studio Code 1.84.2.
2023.12.01 14:16:26 WARN  Build server is not auto-connectable.
2023.12.01 14:16:26 WARN  no build target for: /home/saad/Desktop/Scala-Chisel-Learning-Journey/src/main/scala/gcd/SingleCycle/Decode.scala
2023.12.01 14:16:32 INFO  no build target found for /home/saad/Desktop/Scala-Chisel-Learning-Journey/src/main/scala/gcd/SingleCycle/Decode.scala. Using presentation compiler with project's scala-library version: 3.3.1
2023.12.01 14:16:34 INFO  time: code lens generation in 7.76s
2023.12.01 14:17:30 WARN  no build target for: /home/saad/Desktop/Scala-Chisel-Learning-Journey/src/main/scala/gcd/SingleCycle/Fetch.scala
2023.12.01 14:17:38 WARN  no build target for: /home/saad/Desktop/Scala-Chisel-Learning-Journey/src/main/scala/gcd/SingleCycle/DataPath.scala
2023.12.01 14:19:51 WARN  no build target for: /home/saad/Desktop/Scala-Chisel-Learning-Journey/src/main/scala/gcd/SingleCycle/control.scala
Dec 01, 2023 2:19:51 PM org.eclipse.lsp4j.jsonrpc.RemoteEndpoint handleCancellation
WARNING: Unmatched cancel notification for request id 56
2023.12.01 14:20:14 WARN  no build target for: /home/saad/Desktop/Scala-Chisel-Learning-Journey/src/main/scala/gcd/SingleCycle/Fetch.scala
2023.12.01 14:20:28 WARN  no build target for: /home/saad/Desktop/Scala-Chisel-Learning-Journey/src/main/scala/gcd/SingleCycle/DataPath.scala
2023.12.01 14:20:29 WARN  no build target for: /home/saad/Desktop/Scala-Chisel-Learning-Journey/src/main/scala/gcd/SingleCycle/DataPath.scala
2023.12.01 14:20:40 WARN  no build target for: /home/saad/Desktop/Scala-Chisel-Learning-Journey/src/main/scala/gcd/SingleCycle/DataPath.scala
2023.12.01 14:20:41 WARN  no build target for: /home/saad/Desktop/Scala-Chisel-Learning-Journey/src/main/scala/gcd/SingleCycle/DataPath.scala
2023.12.01 14:20:42 WARN  no build target for: /home/saad/Desktop/Scala-Chisel-Learning-Journey/src/main/scala/gcd/SingleCycle/DataPath.scala
2023.12.01 14:23:32 WARN  no build target for: /home/saad/Desktop/Scala-Chisel-Learning-Journey/src/main/scala/gcd/SingleCycle/Branch.scala
2023.12.01 14:25:04 WARN  no build target for: /home/saad/Desktop/Scala-Chisel-Learning-Journey/src/main/scala/gcd/SingleCycle/ALU.scala
2023.12.01 14:31:32 WARN  no build target for: /home/saad/Desktop/Scala-Chisel-Learning-Journey/src/main/scala/gcd/SingleCycle/IMM.scala
2023.12.01 14:33:50 WARN  no build target for: /home/saad/Desktop/Scala-Chisel-Learning-Journey/src/main/scala/gcd/SingleCycle/Decode.scala
2023.12.01 14:34:21 WARN  no build target for: /home/saad/Desktop/Scala-Chisel-Learning-Journey/src/main/scala/gcd/SingleCycle/Decode.scala
2023.12.01 14:34:41 WARN  no build target for: /home/saad/Desktop/Scala-Chisel-Learning-Journey/src/main/scala/gcd/SingleCycle/Decode.scala
2023.12.01 14:42:53 WARN  no build target for: /home/saad/Desktop/Scala-Chisel-Learning-Journey/src/main/scala/gcd/SingleCycle/Decode.scala
2023.12.01 14:43:42 WARN  no build target for: /home/saad/Desktop/Scala-Chisel-Learning-Journey/src/main/scala/gcd/SingleCycle/Decode.scala
2023.12.01 14:44:03 WARN  no build target for: /home/saad/Desktop/Scala-Chisel-Learning-Journey/src/main/scala/gcd/SingleCycle/Decode.scala
2023.12.01 14:44:13 WARN  no build target for: /home/saad/Desktop/Scala-Chisel-Learning-Journey/src/main/scala/gcd/SingleCycle/Decode.scala
2023.12.01 14:44:24 WARN  no build target for: /home/saad/Desktop/Scala-Chisel-Learning-Journey/src/main/scala/gcd/SingleCycle/Decode.scala
2023.12.01 14:44:26 WARN  no build target for: /home/saad/Desktop/Scala-Chisel-Learning-Journey/src/main/scala/gcd/SingleCycle/Decode.scala
2023.12.01 14:44:38 WARN  no build target for: /home/saad/Desktop/Scala-Chisel-Learning-Journey/src/main/scala/gcd/SingleCycle/Decode.scala
2023.12.01 14:44:40 WARN  no build target for: /home/saad/Desktop/Scala-Chisel-Learning-Journey/src/main/scala/gcd/SingleCycle/Decode.scala
2023.12.01 14:44:43 WARN  no build target for: /home/saad/Desktop/Scala-Chisel-Learning-Journey/src/main/scala/gcd/SingleCycle/Decode.scala
2023.12.01 14:45:05 WARN  no build target for: /home/saad/Desktop/Scala-Chisel-Learning-Journey/src/main/scala/gcd/SingleCycle/Decode.scala
2023.12.01 14:45:07 WARN  no build target for: /home/saad/Desktop/Scala-Chisel-Learning-Journey/src/main/scala/gcd/SingleCycle/Decode.scala
2023.12.01 14:45:19 WARN  no build target for: /home/saad/Desktop/Scala-Chisel-Learning-Journey/src/main/scala/gcd/SingleCycle/Decode.scala
2023.12.01 14:49:36 WARN  no build target for: /home/saad/Desktop/Scala-Chisel-Learning-Journey/src/main/scala/gcd/SingleCycle/Decode.scala
2023.12.01 14:49:38 WARN  no build target for: /home/saad/Desktop/Scala-Chisel-Learning-Journey/src/main/scala/gcd/SingleCycle/Decode.scala
2023.12.01 14:49:39 WARN  no build target for: /home/saad/Desktop/Scala-Chisel-Learning-Journey/src/main/scala/gcd/SingleCycle/Decode.scala
2023.12.01 14:49:42 WARN  no build target for: /home/saad/Desktop/Scala-Chisel-Learning-Journey/src/main/scala/gcd/SingleCycle/Decode.scala
2023.12.01 14:50:03 WARN  no build target for: /home/saad/Desktop/Scala-Chisel-Learning-Journey/src/main/scala/gcd/SingleCycle/Decode.scala
2023.12.01 14:50:07 WARN  no build target for: /home/saad/Desktop/Scala-Chisel-Learning-Journey/src/main/scala/gcd/SingleCycle/Decode.scala
2023.12.01 14:50:10 WARN  no build target for: /home/saad/Desktop/Scala-Chisel-Learning-Journey/src/main/scala/gcd/SingleCycle/Decode.scala
2023.12.01 14:50:13 WARN  no build target for: /home/saad/Desktop/Scala-Chisel-Learning-Journey/src/main/scala/gcd/SingleCycle/Decode.scala
2023.12.01 14:50:15 WARN  no build target for: /home/saad/Desktop/Scala-Chisel-Learning-Journey/src/main/scala/gcd/SingleCycle/Decode.scala
2023.12.01 14:50:19 WARN  no build target for: /home/saad/Desktop/Scala-Chisel-Learning-Journey/src/main/scala/gcd/SingleCycle/Decode.scala
2023.12.01 14:50:23 WARN  no build target for: /home/saad/Desktop/Scala-Chisel-Learning-Journey/src/main/scala/gcd/SingleCycle/Decode.scala
2023.12.01 14:50:24 WARN  no build target for: /home/saad/Desktop/Scala-Chisel-Learning-Journey/src/main/scala/gcd/SingleCycle/Decode.scala
2023.12.01 14:50:31 WARN  no build target for: /home/saad/Desktop/Scala-Chisel-Learning-Journey/src/main/scala/gcd/SingleCycle/Decode.scala
2023.12.01 14:50:33 WARN  no build target for: /home/saad/Desktop/Scala-Chisel-Learning-Journey/src/main/scala/gcd/SingleCycle/Decode.scala
2023.12.01 14:50:37 WARN  no build target for: /home/saad/Desktop/Scala-Chisel-Learning-Journey/src/main/scala/gcd/SingleCycle/Decode.scala
2023.12.01 14:50:51 WARN  no build target for: /home/saad/Desktop/Scala-Chisel-Learning-Journey/src/main/scala/gcd/SingleCycle/Decode.scala
2023.12.01 14:50:53 WARN  no build target for: /home/saad/Desktop/Scala-Chisel-Learning-Journey/src/main/scala/gcd/SingleCycle/Decode.scala
2023.12.01 14:50:55 WARN  no build target for: /home/saad/Desktop/Scala-Chisel-Learning-Journey/src/main/scala/gcd/SingleCycle/Decode.scala
2023.12.01 14:50:58 WARN  no build target for: /home/saad/Desktop/Scala-Chisel-Learning-Journey/src/main/scala/gcd/SingleCycle/Decode.scala
2023.12.01 14:51:01 WARN  no build target for: /home/saad/Desktop/Scala-Chisel-Learning-Journey/src/main/scala/gcd/SingleCycle/Decode.scala
2023.12.01 14:51:03 WARN  no build target for: /home/saad/Desktop/Scala-Chisel-Learning-Journey/src/main/scala/gcd/SingleCycle/Decode.scala
2023.12.01 14:51:05 WARN  no build target for: /home/saad/Desktop/Scala-Chisel-Learning-Journey/src/main/scala/gcd/SingleCycle/Decode.scala
2023.12.01 14:51:23 WARN  no build target for: /home/saad/Desktop/Scala-Chisel-Learning-Journey/src/main/scala/gcd/SingleCycle/Decode.scala
2023.12.01 14:51:25 WARN  no build target for: /home/saad/Desktop/Scala-Chisel-Learning-Journey/src/main/scala/gcd/SingleCycle/Decode.scala
2023.12.01 14:52:51 WARN  no build target for: /home/saad/Desktop/Scala-Chisel-Learning-Journey/src/main/scala/gcd/SingleCycle/Decode.scala
2023.12.01 14:53:40 WARN  no build target for: /home/saad/Desktop/Scala-Chisel-Learning-Journey/src/main/scala/gcd/SingleCycle/DataPath.scala
2023.12.01 14:53:58 WARN  no build target for: /home/saad/Desktop/Scala-Chisel-Learning-Journey/src/main/scala/gcd/SingleCycle/DataPath.scala
2023.12.01 14:53:59 WARN  no build target for: /home/saad/Desktop/Scala-Chisel-Learning-Journey/src/main/scala/gcd/SingleCycle/DataPath.scala
2023.12.01 14:54:10 WARN  no build target for: /home/saad/Desktop/Scala-Chisel-Learning-Journey/src/main/scala/gcd/SingleCycle/DataPath.scala
2023.12.01 14:54:12 WARN  no build target for: /home/saad/Desktop/Scala-Chisel-Learning-Journey/src/main/scala/gcd/SingleCycle/DataPath.scala
2023.12.01 14:54:14 WARN  no build target for: /home/saad/Desktop/Scala-Chisel-Learning-Journey/src/main/scala/gcd/SingleCycle/DataPath.scala
2023.12.01 14:54:17 WARN  no build target for: /home/saad/Desktop/Scala-Chisel-Learning-Journey/src/main/scala/gcd/SingleCycle/DataPath.scala
2023.12.01 14:54:45 WARN  no build target for: /home/saad/Desktop/Scala-Chisel-Learning-Journey/src/main/scala/gcd/SingleCycle/Decode.scala
2023.12.01 14:54:56 WARN  no build target for: /home/saad/Desktop/Scala-Chisel-Learning-Journey/src/main/scala/gcd/SingleCycle/Decode.scala
2023.12.01 14:54:59 WARN  no build target for: /home/saad/Desktop/Scala-Chisel-Learning-Journey/src/main/scala/gcd/SingleCycle/Decode.scala
2023.12.01 14:55:01 WARN  no build target for: /home/saad/Desktop/Scala-Chisel-Learning-Journey/src/main/scala/gcd/SingleCycle/Decode.scala
2023.12.01 14:55:03 WARN  no build target for: /home/saad/Desktop/Scala-Chisel-Learning-Journey/src/main/scala/gcd/SingleCycle/Decode.scala
2023.12.01 14:55:06 WARN  no build target for: /home/saad/Desktop/Scala-Chisel-Learning-Journey/src/main/scala/gcd/SingleCycle/Decode.scala
2023.12.01 14:56:52 WARN  no build target for: /home/saad/Desktop/Scala-Chisel-Learning-Journey/src/main/scala/gcd/SingleCycle/Decode.scala
2023.12.01 14:56:53 WARN  no build target for: /home/saad/Desktop/Scala-Chisel-Learning-Journey/src/main/scala/gcd/SingleCycle/Decode.scala
2023.12.01 14:56:55 WARN  no build target for: /home/saad/Desktop/Scala-Chisel-Learning-Journey/src/main/scala/gcd/SingleCycle/Decode.scala
2023.12.01 14:57:18 WARN  no build target for: /home/saad/Desktop/Scala-Chisel-Learning-Journey/src/main/scala/gcd/SingleCycle/Decode.scala
2023.12.01 14:57:30 WARN  no build target for: /home/saad/Desktop/Scala-Chisel-Learning-Journey/src/main/scala/gcd/SingleCycle/Decode.scala
2023.12.01 14:57:32 WARN  no build target for: /home/saad/Desktop/Scala-Chisel-Learning-Journey/src/main/scala/gcd/SingleCycle/Decode.scala
2023.12.01 14:57:35 WARN  no build target for: /home/saad/Desktop/Scala-Chisel-Learning-Journey/src/main/scala/gcd/SingleCycle/Decode.scala
2023.12.01 14:57:36 WARN  no build target for: /home/saad/Desktop/Scala-Chisel-Learning-Journey/src/main/scala/gcd/SingleCycle/Decode.scala
2023.12.01 14:57:41 WARN  no build target for: /home/saad/Desktop/Scala-Chisel-Learning-Journey/src/main/scala/gcd/SingleCycle/Decode.scala
2023.12.01 14:57:45 WARN  no build target for: /home/saad/Desktop/Scala-Chisel-Learning-Journey/src/main/scala/gcd/SingleCycle/Decode.scala
2023.12.01 14:57:46 WARN  no build target for: /home/saad/Desktop/Scala-Chisel-Learning-Journey/src/main/scala/gcd/SingleCycle/Decode.scala
2023.12.01 14:57:49 WARN  no build target for: /home/saad/Desktop/Scala-Chisel-Learning-Journey/src/main/scala/gcd/SingleCycle/Decode.scala
2023.12.01 14:58:46 WARN  no build target for: /home/saad/Desktop/Scala-Chisel-Learning-Journey/src/main/scala/gcd/SingleCycle/Decode.scala
2023.12.01 14:58:48 WARN  no build target for: /home/saad/Desktop/Scala-Chisel-Learning-Journey/src/main/scala/gcd/SingleCycle/Decode.scala
2023.12.01 14:58:52 WARN  no build target for: /home/saad/Desktop/Scala-Chisel-Learning-Journey/src/main/scala/gcd/SingleCycle/Decode.scala
2023.12.01 14:58:54 WARN  no build target for: /home/saad/Desktop/Scala-Chisel-Learning-Journey/src/main/scala/gcd/SingleCycle/Decode.scala
2023.12.01 14:58:56 WARN  no build target for: /home/saad/Desktop/Scala-Chisel-Learning-Journey/src/main/scala/gcd/SingleCycle/Decode.scala
2023.12.01 14:58:57 WARN  no build target for: /home/saad/Desktop/Scala-Chisel-Learning-Journey/src/main/scala/gcd/SingleCycle/Decode.scala
2023.12.01 14:58:59 WARN  no build target for: /home/saad/Desktop/Scala-Chisel-Learning-Journey/src/main/scala/gcd/SingleCycle/Decode.scala
2023.12.01 14:59:01 WARN  no build target for: /home/saad/Desktop/Scala-Chisel-Learning-Journey/src/main/scala/gcd/SingleCycle/Decode.scala
2023.12.01 15:00:12 WARN  no build target for: /home/saad/Desktop/Scala-Chisel-Learning-Journey/src/main/scala/gcd/SingleCycle/Decode.scala
2023.12.01 15:00:16 WARN  no build target for: /home/saad/Desktop/Scala-Chisel-Learning-Journey/src/main/scala/gcd/SingleCycle/Decode.scala
2023.12.01 15:00:18 WARN  no build target for: /home/saad/Desktop/Scala-Chisel-Learning-Journey/src/main/scala/gcd/SingleCycle/Decode.scala
2023.12.01 15:00:22 WARN  no build target for: /home/saad/Desktop/Scala-Chisel-Learning-Journey/src/main/scala/gcd/SingleCycle/Decode.scala
2023.12.01 15:00:31 WARN  no build target for: /home/saad/Desktop/Scala-Chisel-Learning-Journey/src/main/scala/gcd/SingleCycle/Decode.scala
2023.12.01 15:00:43 WARN  no build target for: /home/saad/Desktop/Scala-Chisel-Learning-Journey/src/main/scala/gcd/SingleCycle/Decode.scala
2023.12.01 15:00:49 WARN  no build target for: /home/saad/Desktop/Scala-Chisel-Learning-Journey/src/main/scala/gcd/SingleCycle/Decode.scala
2023.12.01 15:00:51 WARN  no build target for: /home/saad/Desktop/Scala-Chisel-Learning-Journey/src/main/scala/gcd/SingleCycle/Decode.scala
2023.12.01 15:01:11 WARN  no build target for: /home/saad/Desktop/Scala-Chisel-Learning-Journey/src/main/scala/gcd/SingleCycle/Decode.scala
2023.12.01 15:01:16 WARN  no build target for: /home/saad/Desktop/Scala-Chisel-Learning-Journey/src/main/scala/gcd/SingleCycle/Decode.scala
2023.12.01 15:01:26 WARN  no build target for: /home/saad/Desktop/Scala-Chisel-Learning-Journey/src/main/scala/gcd/SingleCycle/Decode.scala
2023.12.01 15:01:29 WARN  no build target for: /home/saad/Desktop/Scala-Chisel-Learning-Journey/src/main/scala/gcd/SingleCycle/Decode.scala
2023.12.01 15:01:31 WARN  no build target for: /home/saad/Desktop/Scala-Chisel-Learning-Journey/src/main/scala/gcd/SingleCycle/Decode.scala
2023.12.01 15:02:03 WARN  no build target for: /home/saad/Desktop/Scala-Chisel-Learning-Journey/src/main/scala/gcd/SingleCycle/Decode.scala
2023.12.01 15:02:11 WARN  no build target for: /home/saad/Desktop/Scala-Chisel-Learning-Journey/src/main/scala/gcd/SingleCycle/Decode.scala
2023.12.01 15:02:12 WARN  no build target for: /home/saad/Desktop/Scala-Chisel-Learning-Journey/src/main/scala/gcd/SingleCycle/Decode.scala
2023.12.01 15:02:13 WARN  no build target for: /home/saad/Desktop/Scala-Chisel-Learning-Journey/src/main/scala/gcd/SingleCycle/Decode.scala
2023.12.01 15:02:17 WARN  no build target for: /home/saad/Desktop/Scala-Chisel-Learning-Journey/src/main/scala/gcd/SingleCycle/Decode.scala
2023.12.01 15:02:18 WARN  no build target for: /home/saad/Desktop/Scala-Chisel-Learning-Journey/src/main/scala/gcd/SingleCycle/Decode.scala
2023.12.01 15:02:23 WARN  no build target for: /home/saad/Desktop/Scala-Chisel-Learning-Journey/src/main/scala/gcd/SingleCycle/Decode.scala
2023.12.01 15:02:24 WARN  no build target for: /home/saad/Desktop/Scala-Chisel-Learning-Journey/src/main/scala/gcd/SingleCycle/Decode.scala
2023.12.01 15:03:00 WARN  no build target for: /home/saad/Desktop/Scala-Chisel-Learning-Journey/src/main/scala/gcd/SingleCycle/Decode.scala
2023.12.01 15:03:09 WARN  no build target for: /home/saad/Desktop/Scala-Chisel-Learning-Journey/src/main/scala/gcd/SingleCycle/Decode.scala
2023.12.01 15:03:11 WARN  no build target for: /home/saad/Desktop/Scala-Chisel-Learning-Journey/src/main/scala/gcd/SingleCycle/Decode.scala
2023.12.01 15:03:17 WARN  no build target for: /home/saad/Desktop/Scala-Chisel-Learning-Journey/src/main/scala/gcd/SingleCycle/Decode.scala
2023.12.01 15:03:18 WARN  no build target for: /home/saad/Desktop/Scala-Chisel-Learning-Journey/src/main/scala/gcd/SingleCycle/Decode.scala
2023.12.01 15:03:42 WARN  no build target for: /home/saad/Desktop/Scala-Chisel-Learning-Journey/src/main/scala/gcd/SingleCycle/Decode.scala
2023.12.01 15:03:46 WARN  no build target for: /home/saad/Desktop/Scala-Chisel-Learning-Journey/src/main/scala/gcd/SingleCycle/Decode.scala
2023.12.01 15:03:52 WARN  no build target for: /home/saad/Desktop/Scala-Chisel-Learning-Journey/src/main/scala/gcd/SingleCycle/Decode.scala
2023.12.01 15:03:53 WARN  no build target for: /home/saad/Desktop/Scala-Chisel-Learning-Journey/src/main/scala/gcd/SingleCycle/Decode.scala
2023.12.01 15:03:54 WARN  no build target for: /home/saad/Desktop/Scala-Chisel-Learning-Journey/src/main/scala/gcd/SingleCycle/Decode.scala
2023.12.01 15:04:02 WARN  no build target for: /home/saad/Desktop/Scala-Chisel-Learning-Journey/src/main/scala/gcd/SingleCycle/Decode.scala
2023.12.01 15:04:04 WARN  no build target for: /home/saad/Desktop/Scala-Chisel-Learning-Journey/src/main/scala/gcd/SingleCycle/Decode.scala
2023.12.01 15:04:06 WARN  no build target for: /home/saad/Desktop/Scala-Chisel-Learning-Journey/src/main/scala/gcd/SingleCycle/Decode.scala
2023.12.01 15:04:11 WARN  no build target for: /home/saad/Desktop/Scala-Chisel-Learning-Journey/src/main/scala/gcd/SingleCycle/Decode.scala
2023.12.01 15:04:13 WARN  no build target for: /home/saad/Desktop/Scala-Chisel-Learning-Journey/src/main/scala/gcd/SingleCycle/Decode.scala
2023.12.01 15:04:15 WARN  no build target for: /home/saad/Desktop/Scala-Chisel-Learning-Journey/src/main/scala/gcd/SingleCycle/Decode.scala
2023.12.01 15:04:17 WARN  no build target for: /home/saad/Desktop/Scala-Chisel-Learning-Journey/src/main/scala/gcd/SingleCycle/Decode.scala
2023.12.01 15:04:18 WARN  no build target for: /home/saad/Desktop/Scala-Chisel-Learning-Journey/src/main/scala/gcd/SingleCycle/Decode.scala
2023.12.01 15:04:23 WARN  no build target for: /home/saad/Desktop/Scala-Chisel-Learning-Journey/src/main/scala/gcd/SingleCycle/Decode.scala
Dec 01, 2023 3:04:23 PM org.eclipse.lsp4j.jsonrpc.RemoteEndpoint handleCancellation
WARNING: Unmatched cancel notification for request id 1931
2023.12.01 15:04:27 WARN  no build target for: /home/saad/Desktop/Scala-Chisel-Learning-Journey/src/main/scala/gcd/SingleCycle/Decode.scala
Dec 01, 2023 3:04:40 PM org.eclipse.lsp4j.jsonrpc.RemoteEndpoint handleCancellation
WARNING: Unmatched cancel notification for request id 2012
2023.12.01 15:04:43 WARN  no build target for: /home/saad/Desktop/Scala-Chisel-Learning-Journey/src/main/scala/gcd/SingleCycle/Decode.scala
2023.12.01 15:04:49 WARN  no build target for: /home/saad/Desktop/Scala-Chisel-Learning-Journey/src/main/scala/gcd/SingleCycle/Decode.scala
2023.12.01 15:04:51 WARN  no build target for: /home/saad/Desktop/Scala-Chisel-Learning-Journey/src/main/scala/gcd/SingleCycle/Decode.scala
2023.12.01 15:04:53 WARN  no build target for: /home/saad/Desktop/Scala-Chisel-Learning-Journey/src/main/scala/gcd/SingleCycle/Decode.scala
2023.12.01 15:04:55 WARN  no build target for: /home/saad/Desktop/Scala-Chisel-Learning-Journey/src/main/scala/gcd/SingleCycle/Decode.scala
2023.12.01 15:05:10 WARN  no build target for: /home/saad/Desktop/Scala-Chisel-Learning-Journey/src/main/scala/gcd/SingleCycle/Decode.scala
Dec 01, 2023 3:05:17 PM org.eclipse.lsp4j.jsonrpc.RemoteEndpoint handleCancellation
WARNING: Unmatched cancel notification for request id 2130
2023.12.01 15:05:19 WARN  no build target for: /home/saad/Desktop/Scala-Chisel-Learning-Journey/src/main/scala/gcd/SingleCycle/Decode.scala
2023.12.01 15:05:22 WARN  no build target for: /home/saad/Desktop/Scala-Chisel-Learning-Journey/src/main/scala/gcd/SingleCycle/Decode.scala
2023.12.01 15:05:26 WARN  no build target for: /home/saad/Desktop/Scala-Chisel-Learning-Journey/src/main/scala/gcd/SingleCycle/Decode.scala
2023.12.01 15:05:29 WARN  no build target for: /home/saad/Desktop/Scala-Chisel-Learning-Journey/src/main/scala/gcd/SingleCycle/Decode.scala
2023.12.01 15:05:31 WARN  no build target for: /home/saad/Desktop/Scala-Chisel-Learning-Journey/src/main/scala/gcd/SingleCycle/Decode.scala
2023.12.01 15:05:33 WARN  no build target for: /home/saad/Desktop/Scala-Chisel-Learning-Journey/src/main/scala/gcd/SingleCycle/Decode.scala
2023.12.01 15:05:36 WARN  no build target for: /home/saad/Desktop/Scala-Chisel-Learning-Journey/src/main/scala/gcd/SingleCycle/Decode.scala
2023.12.01 15:05:38 WARN  no build target for: /home/saad/Desktop/Scala-Chisel-Learning-Journey/src/main/scala/gcd/SingleCycle/Decode.scala
2023.12.01 15:05:40 WARN  no build target for: /home/saad/Desktop/Scala-Chisel-Learning-Journey/src/main/scala/gcd/SingleCycle/Decode.scala
2023.12.01 15:06:00 WARN  no build target for: /home/saad/Desktop/Scala-Chisel-Learning-Journey/src/main/scala/gcd/SingleCycle/Decode.scala
2023.12.01 15:06:04 WARN  no build target for: /home/saad/Desktop/Scala-Chisel-Learning-Journey/src/main/scala/gcd/SingleCycle/Decode.scala
2023.12.01 15:06:10 WARN  no build target for: /home/saad/Desktop/Scala-Chisel-Learning-Journey/src/main/scala/gcd/SingleCycle/Decode.scala
2023.12.01 15:06:11 WARN  no build target for: /home/saad/Desktop/Scala-Chisel-Learning-Journey/src/main/scala/gcd/SingleCycle/Decode.scala
2023.12.01 15:06:18 WARN  no build target for: /home/saad/Desktop/Scala-Chisel-Learning-Journey/src/main/scala/gcd/SingleCycle/Decode.scala
2023.12.01 15:06:24 WARN  no build target for: /home/saad/Desktop/Scala-Chisel-Learning-Journey/src/main/scala/gcd/SingleCycle/Decode.scala
2023.12.01 15:06:54 WARN  no build target for: /home/saad/Desktop/Scala-Chisel-Learning-Journey/src/main/scala/gcd/SingleCycle/Decode.scala
2023.12.01 15:06:57 WARN  no build target for: /home/saad/Desktop/Scala-Chisel-Learning-Journey/src/main/scala/gcd/SingleCycle/Decode.scala
2023.12.01 15:07:01 WARN  no build target for: /home/saad/Desktop/Scala-Chisel-Learning-Journey/src/main/scala/gcd/SingleCycle/Decode.scala
2023.12.01 15:07:04 WARN  no build target for: /home/saad/Desktop/Scala-Chisel-Learning-Journey/src/main/scala/gcd/SingleCycle/Decode.scala
2023.12.01 15:07:06 WARN  no build target for: /home/saad/Desktop/Scala-Chisel-Learning-Journey/src/main/scala/gcd/SingleCycle/Decode.scala
2023.12.01 15:07:09 WARN  no build target for: /home/saad/Desktop/Scala-Chisel-Learning-Journey/src/main/scala/gcd/SingleCycle/Decode.scala
2023.12.01 15:07:10 WARN  no build target for: /home/saad/Desktop/Scala-Chisel-Learning-Journey/src/main/scala/gcd/SingleCycle/Decode.scala
2023.12.01 15:07:12 WARN  no build target for: /home/saad/Desktop/Scala-Chisel-Learning-Journey/src/main/scala/gcd/SingleCycle/Decode.scala
Dec 01, 2023 3:07:14 PM org.eclipse.lsp4j.jsonrpc.RemoteEndpoint fallbackResponseError
SEVERE: Internal error: java.lang.UnsupportedOperationException: tail of empty list
java.util.concurrent.CompletionException: java.lang.UnsupportedOperationException: tail of empty list
	at java.base/java.util.concurrent.CompletableFuture.encodeThrowable(CompletableFuture.java:331)
	at java.base/java.util.concurrent.CompletableFuture.completeThrowable(CompletableFuture.java:346)
	at java.base/java.util.concurrent.CompletableFuture$UniAccept.tryFire(CompletableFuture.java:704)
	at java.base/java.util.concurrent.CompletableFuture.postComplete(CompletableFuture.java:506)
	at java.base/java.util.concurrent.CompletableFuture.completeExceptionally(CompletableFuture.java:2088)
	at scala.meta.internal.metals.CancelTokens$.$anonfun$future$1(CancelTokens.scala:40)
	at scala.meta.internal.metals.CancelTokens$.$anonfun$future$1$adapted(CancelTokens.scala:38)
	at scala.concurrent.impl.Promise$Transformation.run(Promise.scala:484)
	at java.base/java.util.concurrent.ThreadPoolExecutor.runWorker(ThreadPoolExecutor.java:1128)
	at java.base/java.util.concurrent.ThreadPoolExecutor$Worker.run(ThreadPoolExecutor.java:628)
	at java.base/java.lang.Thread.run(Thread.java:829)
Caused by: java.lang.UnsupportedOperationException: tail of empty list
	at scala.collection.immutable.Nil$.tail(List.scala:664)
	at scala.collection.immutable.Nil$.tail(List.scala:661)
	at scala.meta.internal.metals.codeactions.CreateCompanionObjectCodeAction.$anonfun$endPosOfTree$1(CreateCompanionObjectCodeAction.scala:77)
	at scala.Option.flatMap(Option.scala:283)
	at scala.meta.internal.metals.codeactions.CreateCompanionObjectCodeAction.endPosOfTree(CreateCompanionObjectCodeAction.scala:75)
	at scala.meta.internal.metals.codeactions.CreateCompanionObjectCodeAction.$anonfun$contribute$5(CreateCompanionObjectCodeAction.scala:61)
	at scala.Option.map(Option.scala:242)
	at scala.meta.internal.metals.codeactions.CreateCompanionObjectCodeAction.$anonfun$contribute$4(CreateCompanionObjectCodeAction.scala:58)
	at scala.Option$WithFilter.flatMap(Option.scala:283)
	at scala.meta.internal.metals.codeactions.CreateCompanionObjectCodeAction.$anonfun$contribute$2(CreateCompanionObjectCodeAction.scala:56)
	at scala.Option.flatMap(Option.scala:283)
	at scala.meta.internal.metals.codeactions.CreateCompanionObjectCodeAction.$anonfun$contribute$1(CreateCompanionObjectCodeAction.scala:55)
	at scala.concurrent.Future$.$anonfun$apply$1(Future.scala:687)
	at scala.concurrent.impl.Promise$Transformation.run(Promise.scala:467)
	... 3 more

2023.12.01 15:07:20 WARN  no build target for: /home/saad/Desktop/Scala-Chisel-Learning-Journey/src/main/scala/gcd/SingleCycle/Decode.scala
2023.12.01 15:07:22 WARN  no build target for: /home/saad/Desktop/Scala-Chisel-Learning-Journey/src/main/scala/gcd/SingleCycle/Decode.scala
2023.12.01 15:07:37 WARN  no build target for: /home/saad/Desktop/Scala-Chisel-Learning-Journey/src/main/scala/gcd/SingleCycle/Decode.scala
2023.12.01 15:07:40 WARN  no build target for: /home/saad/Desktop/Scala-Chisel-Learning-Journey/src/main/scala/gcd/SingleCycle/Decode.scala
2023.12.01 15:07:44 WARN  no build target for: /home/saad/Desktop/Scala-Chisel-Learning-Journey/src/main/scala/gcd/SingleCycle/Decode.scala
2023.12.01 15:07:46 WARN  no build target for: /home/saad/Desktop/Scala-Chisel-Learning-Journey/src/main/scala/gcd/SingleCycle/Decode.scala
2023.12.01 15:07:48 WARN  no build target for: /home/saad/Desktop/Scala-Chisel-Learning-Journey/src/main/scala/gcd/SingleCycle/Decode.scala
2023.12.01 15:07:58 WARN  no build target for: /home/saad/Desktop/Scala-Chisel-Learning-Journey/src/main/scala/gcd/SingleCycle/Decode.scala
2023.12.01 15:08:07 WARN  no build target for: /home/saad/Desktop/Scala-Chisel-Learning-Journey/src/main/scala/gcd/SingleCycle/Decode.scala
2023.12.01 15:08:08 WARN  no build target for: /home/saad/Desktop/Scala-Chisel-Learning-Journey/src/main/scala/gcd/SingleCycle/Decode.scala
Dec 01, 2023 3:08:10 PM org.eclipse.lsp4j.jsonrpc.RemoteEndpoint handleCancellation
WARNING: Unmatched cancel notification for request id 2659
2023.12.01 15:08:13 WARN  no build target for: /home/saad/Desktop/Scala-Chisel-Learning-Journey/src/main/scala/gcd/SingleCycle/Decode.scala
2023.12.01 15:08:15 WARN  no build target for: /home/saad/Desktop/Scala-Chisel-Learning-Journey/src/main/scala/gcd/SingleCycle/Decode.scala
2023.12.01 15:08:17 WARN  no build target for: /home/saad/Desktop/Scala-Chisel-Learning-Journey/src/main/scala/gcd/SingleCycle/Decode.scala
2023.12.01 15:08:25 WARN  no build target for: /home/saad/Desktop/Scala-Chisel-Learning-Journey/src/main/scala/gcd/SingleCycle/Decode.scala
2023.12.01 15:08:27 WARN  no build target for: /home/saad/Desktop/Scala-Chisel-Learning-Journey/src/main/scala/gcd/SingleCycle/Decode.scala
2023.12.01 15:08:28 WARN  no build target for: /home/saad/Desktop/Scala-Chisel-Learning-Journey/src/main/scala/gcd/SingleCycle/Decode.scala
2023.12.01 15:08:29 WARN  no build target for: /home/saad/Desktop/Scala-Chisel-Learning-Journey/src/main/scala/gcd/SingleCycle/Decode.scala
2023.12.01 15:08:32 WARN  no build target for: /home/saad/Desktop/Scala-Chisel-Learning-Journey/src/main/scala/gcd/SingleCycle/Decode.scala
2023.12.01 15:08:37 WARN  no build target for: /home/saad/Desktop/Scala-Chisel-Learning-Journey/src/main/scala/gcd/SingleCycle/Decode.scala
2023.12.01 15:08:39 WARN  no build target for: /home/saad/Desktop/Scala-Chisel-Learning-Journey/src/main/scala/gcd/SingleCycle/Decode.scala
2023.12.01 15:08:41 WARN  no build target for: /home/saad/Desktop/Scala-Chisel-Learning-Journey/src/main/scala/gcd/SingleCycle/Decode.scala
2023.12.01 15:09:35 WARN  no build target for: /home/saad/Desktop/Scala-Chisel-Learning-Journey/src/main/scala/gcd/SingleCycle/Decode.scala
2023.12.01 15:09:37 WARN  no build target for: /home/saad/Desktop/Scala-Chisel-Learning-Journey/src/main/scala/gcd/SingleCycle/Decode.scala
2023.12.01 15:09:43 WARN  no build target for: /home/saad/Desktop/Scala-Chisel-Learning-Journey/src/main/scala/gcd/SingleCycle/Decode.scala
2023.12.01 15:09:45 WARN  no build target for: /home/saad/Desktop/Scala-Chisel-Learning-Journey/src/main/scala/gcd/SingleCycle/Decode.scala
2023.12.01 15:10:04 WARN  no build target for: /home/saad/Desktop/Scala-Chisel-Learning-Journey/src/main/scala/gcd/SingleCycle/DataPath.scala
2023.12.01 15:10:12 WARN  no build target for: /home/saad/Desktop/Scala-Chisel-Learning-Journey/src/main/scala/gcd/SingleCycle/DataPath.scala
2023.12.01 15:11:03 WARN  no build target for: /home/saad/Desktop/Scala-Chisel-Learning-Journey/src/main/scala/gcd/SingleCycle/Decode.scala
2023.12.01 15:11:09 WARN  no build target for: /home/saad/Desktop/Scala-Chisel-Learning-Journey/src/main/scala/gcd/SingleCycle/Decode.scala
2023.12.01 15:11:16 WARN  no build target for: /home/saad/Desktop/Scala-Chisel-Learning-Journey/src/main/scala/gcd/SingleCycle/Decode.scala
2023.12.01 15:11:18 WARN  no build target for: /home/saad/Desktop/Scala-Chisel-Learning-Journey/src/main/scala/gcd/SingleCycle/Decode.scala
2023.12.01 15:11:21 WARN  no build target for: /home/saad/Desktop/Scala-Chisel-Learning-Journey/src/main/scala/gcd/SingleCycle/Decode.scala
2023.12.01 15:11:25 WARN  no build target for: /home/saad/Desktop/Scala-Chisel-Learning-Journey/src/main/scala/gcd/SingleCycle/Decode.scala
2023.12.01 15:11:26 WARN  no build target for: /home/saad/Desktop/Scala-Chisel-Learning-Journey/src/main/scala/gcd/SingleCycle/Decode.scala
2023.12.01 15:13:19 WARN  no build target for: /home/saad/Desktop/Scala-Chisel-Learning-Journey/src/main/scala/gcd/SingleCycle/Decode.scala
2023.12.01 15:13:20 WARN  no build target for: /home/saad/Desktop/Scala-Chisel-Learning-Journey/src/main/scala/gcd/SingleCycle/Decode.scala
2023.12.01 15:22:07 WARN  no build target for: /home/saad/Desktop/Scala-Chisel-Learning-Journey/src/main/scala/gcd/SingleCycle/Decode.scala
2023.12.01 15:22:21 WARN  no build target for: /home/saad/Desktop/Scala-Chisel-Learning-Journey/src/main/scala/gcd/SingleCycle/Decode.scala
2023.12.01 15:22:23 WARN  no build target for: /home/saad/Desktop/Scala-Chisel-Learning-Journey/src/main/scala/gcd/SingleCycle/Decode.scala
2023.12.01 15:22:28 WARN  no build target for: /home/saad/Desktop/Scala-Chisel-Learning-Journey/src/main/scala/gcd/SingleCycle/RegFile.scala
2023.12.01 15:22:50 WARN  no build target for: /home/saad/Desktop/Scala-Chisel-Learning-Journey/src/main/scala/gcd/SingleCycle/Decode.scala
2023.12.01 15:22:56 WARN  no build target for: /home/saad/Desktop/Scala-Chisel-Learning-Journey/src/main/scala/gcd/SingleCycle/Decode.scala
2023.12.01 15:23:01 WARN  no build target for: /home/saad/Desktop/Scala-Chisel-Learning-Journey/src/main/scala/gcd/SingleCycle/Decode.scala
2023.12.01 15:23:04 WARN  no build target for: /home/saad/Desktop/Scala-Chisel-Learning-Journey/src/main/scala/gcd/SingleCycle/Decode.scala
2023.12.01 15:23:17 WARN  no build target for: /home/saad/Desktop/Scala-Chisel-Learning-Journey/src/main/scala/gcd/SingleCycle/Decode.scala
2023.12.01 15:23:18 WARN  no build target for: /home/saad/Desktop/Scala-Chisel-Learning-Journey/src/main/scala/gcd/SingleCycle/Decode.scala
2023.12.01 15:23:19 WARN  no build target for: /home/saad/Desktop/Scala-Chisel-Learning-Journey/src/main/scala/gcd/SingleCycle/Decode.scala
2023.12.01 15:23:29 WARN  no build target for: /home/saad/Desktop/Scala-Chisel-Learning-Journey/src/main/scala/gcd/SingleCycle/Decode.scala
2023.12.01 15:23:33 WARN  no build target for: /home/saad/Desktop/Scala-Chisel-Learning-Journey/src/main/scala/gcd/SingleCycle/Decode.scala
2023.12.01 15:23:36 WARN  no build target for: /home/saad/Desktop/Scala-Chisel-Learning-Journey/src/main/scala/gcd/SingleCycle/Decode.scala
2023.12.01 15:23:38 WARN  no build target for: /home/saad/Desktop/Scala-Chisel-Learning-Journey/src/main/scala/gcd/SingleCycle/Decode.scala
2023.12.01 15:23:44 WARN  no build target for: /home/saad/Desktop/Scala-Chisel-Learning-Journey/src/main/scala/gcd/SingleCycle/Decode.scala
2023.12.01 15:23:46 WARN  no build target for: /home/saad/Desktop/Scala-Chisel-Learning-Journey/src/main/scala/gcd/SingleCycle/Decode.scala
2023.12.01 15:23:48 WARN  no build target for: /home/saad/Desktop/Scala-Chisel-Learning-Journey/src/main/scala/gcd/SingleCycle/Decode.scala
2023.12.01 15:23:50 WARN  no build target for: /home/saad/Desktop/Scala-Chisel-Learning-Journey/src/main/scala/gcd/SingleCycle/Decode.scala
2023.12.01 15:23:52 WARN  no build target for: /home/saad/Desktop/Scala-Chisel-Learning-Journey/src/main/scala/gcd/SingleCycle/Decode.scala
2023.12.01 15:23:53 WARN  no build target for: /home/saad/Desktop/Scala-Chisel-Learning-Journey/src/main/scala/gcd/SingleCycle/Decode.scala
2023.12.01 15:23:55 WARN  no build target for: /home/saad/Desktop/Scala-Chisel-Learning-Journey/src/main/scala/gcd/SingleCycle/Decode.scala
Dec 01, 2023 3:25:33 PM org.eclipse.lsp4j.jsonrpc.RemoteEndpoint handleCancellation
WARNING: Unmatched cancel notification for request id 3527
2023.12.01 15:25:53 WARN  no build target for: /home/saad/Desktop/Scala-Chisel-Learning-Journey/src/main/scala/gcd/SingleCycle/Decode.scala
2023.12.01 15:25:58 WARN  no build target for: /home/saad/Desktop/Scala-Chisel-Learning-Journey/src/main/scala/gcd/SingleCycle/Decode.scala
2023.12.01 15:26:01 WARN  no build target for: /home/saad/Desktop/Scala-Chisel-Learning-Journey/src/main/scala/gcd/SingleCycle/Decode.scala
2023.12.01 15:26:10 WARN  no build target for: /home/saad/Desktop/Scala-Chisel-Learning-Journey/src/main/scala/gcd/SingleCycle/Decode.scala
2023.12.01 15:26:13 WARN  no build target for: /home/saad/Desktop/Scala-Chisel-Learning-Journey/src/main/scala/gcd/SingleCycle/Decode.scala
2023.12.01 15:26:14 WARN  no build target for: /home/saad/Desktop/Scala-Chisel-Learning-Journey/src/main/scala/gcd/SingleCycle/Decode.scala
2023.12.01 15:26:18 WARN  no build target for: /home/saad/Desktop/Scala-Chisel-Learning-Journey/src/main/scala/gcd/SingleCycle/Decode.scala
2023.12.01 15:26:50 WARN  no build target for: /home/saad/Desktop/Scala-Chisel-Learning-Journey/src/main/scala/gcd/SingleCycle/Decode.scala
2023.12.01 15:27:00 WARN  no build target for: /home/saad/Desktop/Scala-Chisel-Learning-Journey/src/main/scala/gcd/SingleCycle/Decode.scala
Dec 01, 2023 3:27:05 PM org.eclipse.lsp4j.jsonrpc.RemoteEndpoint handleCancellation
WARNING: Unmatched cancel notification for request id 3672
Dec 01, 2023 3:27:07 PM org.eclipse.lsp4j.jsonrpc.RemoteEndpoint handleCancellation
WARNING: Unmatched cancel notification for request id 3678
Dec 01, 2023 3:27:14 PM org.eclipse.lsp4j.jsonrpc.RemoteEndpoint handleCancellation
WARNING: Unmatched cancel notification for request id 3680
2023.12.01 15:28:38 WARN  no build target for: /home/saad/Desktop/Scala-Chisel-Learning-Journey/src/main/scala/gcd/SingleCycle/Decode.scala
2023.12.01 15:28:45 WARN  no build target for: /home/saad/Desktop/Scala-Chisel-Learning-Journey/src/main/scala/gcd/SingleCycle/Decode.scala
2023.12.01 15:28:48 WARN  no build target for: /home/saad/Desktop/Scala-Chisel-Learning-Journey/src/main/scala/gcd/SingleCycle/Decode.scala
2023.12.01 15:28:51 WARN  no build target for: /home/saad/Desktop/Scala-Chisel-Learning-Journey/src/main/scala/gcd/SingleCycle/Decode.scala
2023.12.01 15:28:53 WARN  no build target for: /home/saad/Desktop/Scala-Chisel-Learning-Journey/src/main/scala/gcd/SingleCycle/Decode.scala
2023.12.01 15:28:55 WARN  no build target for: /home/saad/Desktop/Scala-Chisel-Learning-Journey/src/main/scala/gcd/SingleCycle/Decode.scala
2023.12.01 15:28:58 WARN  no build target for: /home/saad/Desktop/Scala-Chisel-Learning-Journey/src/main/scala/gcd/SingleCycle/Decode.scala
2023.12.01 15:28:59 WARN  no build target for: /home/saad/Desktop/Scala-Chisel-Learning-Journey/src/main/scala/gcd/SingleCycle/Decode.scala
2023.12.01 15:29:07 WARN  no build target for: /home/saad/Desktop/Scala-Chisel-Learning-Journey/src/main/scala/gcd/SingleCycle/Decode.scala
2023.12.01 15:29:10 WARN  no build target for: /home/saad/Desktop/Scala-Chisel-Learning-Journey/src/main/scala/gcd/SingleCycle/Decode.scala
2023.12.01 15:29:13 WARN  no build target for: /home/saad/Desktop/Scala-Chisel-Learning-Journey/src/main/scala/gcd/SingleCycle/Decode.scala
2023.12.01 15:29:17 WARN  no build target for: /home/saad/Desktop/Scala-Chisel-Learning-Journey/src/main/scala/gcd/SingleCycle/Decode.scala
2023.12.01 15:29:18 WARN  no build target for: /home/saad/Desktop/Scala-Chisel-Learning-Journey/src/main/scala/gcd/SingleCycle/Decode.scala
2023.12.01 15:29:23 WARN  no build target for: /home/saad/Desktop/Scala-Chisel-Learning-Journey/src/main/scala/gcd/SingleCycle/Decode.scala
2023.12.01 15:29:30 WARN  no build target for: /home/saad/Desktop/Scala-Chisel-Learning-Journey/src/main/scala/gcd/SingleCycle/Decode.scala
Dec 01, 2023 3:29:32 PM org.eclipse.lsp4j.jsonrpc.RemoteEndpoint handleCancellation
WARNING: Unmatched cancel notification for request id 3887
2023.12.01 15:29:34 WARN  no build target for: /home/saad/Desktop/Scala-Chisel-Learning-Journey/src/main/scala/gcd/SingleCycle/Decode.scala
Dec 01, 2023 3:29:35 PM org.eclipse.lsp4j.jsonrpc.RemoteEndpoint handleCancellation
WARNING: Unmatched cancel notification for request id 3901
Dec 01, 2023 3:29:41 PM org.eclipse.lsp4j.jsonrpc.RemoteEndpoint handleCancellation
WARNING: Unmatched cancel notification for request id 3906
2023.12.01 15:29:46 WARN  no build target for: /home/saad/Desktop/Scala-Chisel-Learning-Journey/src/main/scala/gcd/SingleCycle/Decode.scala
2023.12.01 15:29:48 WARN  no build target for: /home/saad/Desktop/Scala-Chisel-Learning-Journey/src/main/scala/gcd/SingleCycle/Decode.scala
2023.12.01 15:29:50 WARN  no build target for: /home/saad/Desktop/Scala-Chisel-Learning-Journey/src/main/scala/gcd/SingleCycle/Decode.scala
2023.12.01 15:29:52 WARN  no build target for: /home/saad/Desktop/Scala-Chisel-Learning-Journey/src/main/scala/gcd/SingleCycle/Decode.scala
2023.12.01 15:29:55 WARN  no build target for: /home/saad/Desktop/Scala-Chisel-Learning-Journey/src/main/scala/gcd/SingleCycle/Decode.scala
2023.12.01 15:29:56 WARN  no build target for: /home/saad/Desktop/Scala-Chisel-Learning-Journey/src/main/scala/gcd/SingleCycle/Decode.scala
2023.12.01 15:37:55 WARN  no build target for: /home/saad/Desktop/Scala-Chisel-Learning-Journey/src/main/scala/gcd/SingleCycle/Decode.scala
2023.12.01 15:37:58 WARN  no build target for: /home/saad/Desktop/Scala-Chisel-Learning-Journey/src/main/scala/gcd/SingleCycle/Decode.scala
2023.12.01 15:38:00 WARN  no build target for: /home/saad/Desktop/Scala-Chisel-Learning-Journey/src/main/scala/gcd/SingleCycle/Decode.scala
2023.12.01 15:38:14 WARN  no build target for: /home/saad/Desktop/Scala-Chisel-Learning-Journey/src/main/scala/gcd/SingleCycle/Decode.scala
2023.12.01 15:38:16 WARN  no build target for: /home/saad/Desktop/Scala-Chisel-Learning-Journey/src/main/scala/gcd/SingleCycle/Decode.scala
2023.12.01 15:38:18 WARN  no build target for: /home/saad/Desktop/Scala-Chisel-Learning-Journey/src/main/scala/gcd/SingleCycle/Decode.scala
2023.12.01 15:38:20 WARN  no build target for: /home/saad/Desktop/Scala-Chisel-Learning-Journey/src/main/scala/gcd/SingleCycle/Decode.scala
2023.12.01 15:38:21 WARN  no build target for: /home/saad/Desktop/Scala-Chisel-Learning-Journey/src/main/scala/gcd/SingleCycle/Decode.scala
Dec 01, 2023 3:38:24 PM org.eclipse.lsp4j.jsonrpc.RemoteEndpoint handleCancellation
WARNING: Unmatched cancel notification for request id 4074
2023.12.01 15:38:27 WARN  no build target for: /home/saad/Desktop/Scala-Chisel-Learning-Journey/src/main/scala/gcd/SingleCycle/Decode.scala
2023.12.01 15:46:11 WARN  no build target for: /home/saad/Desktop/Scala-Chisel-Learning-Journey/src/main/scala/gcd/SingleCycle/Decode.scala
2023.12.01 15:47:12 WARN  no build target for: /home/saad/Desktop/Scala-Chisel-Learning-Journey/src/main/scala/gcd/SingleCycle/Execute.scala
2023.12.01 15:47:12 WARN  Could not find semantic tokens for: file:///home/saad/Desktop/Scala-Chisel-Learning-Journey/src/main/scala/gcd/SingleCycle/Execute.scala
2023.12.01 15:47:13 WARN  Could not find semantic tokens for: file:///home/saad/Desktop/Scala-Chisel-Learning-Journey/src/main/scala/gcd/SingleCycle/Execute.scala
2023.12.01 15:47:24 WARN  Could not find semantic tokens for: file:///home/saad/Desktop/Scala-Chisel-Learning-Journey/src/main/scala/gcd/SingleCycle/Execute.scala
2023.12.01 15:47:25 WARN  no build target for: /home/saad/Desktop/Scala-Chisel-Learning-Journey/src/main/scala/gcd/SingleCycle/Execute.scala
2023.12.01 15:47:27 WARN  no build target for: /home/saad/Desktop/Scala-Chisel-Learning-Journey/src/main/scala/gcd/SingleCycle/Execute.scala
2023.12.01 16:45:23 WARN  no build target for: /home/saad/Desktop/Scala-Chisel-Learning-Journey/src/main/scala/gcd/SingleCycle/Decode.scala
2023.12.01 16:45:25 WARN  no build target for: /home/saad/Desktop/Scala-Chisel-Learning-Journey/src/main/scala/gcd/SingleCycle/Decode.scala
2023.12.01 16:54:41 WARN  no build target for: /home/saad/Desktop/Scala-Chisel-Learning-Journey/src/main/scala/gcd/SingleCycle/Execute.scala
2023.12.01 16:54:49 WARN  no build target for: /home/saad/Desktop/Scala-Chisel-Learning-Journey/src/main/scala/gcd/SingleCycle/Execute.scala
2023.12.01 16:54:50 WARN  no build target for: /home/saad/Desktop/Scala-Chisel-Learning-Journey/src/main/scala/gcd/SingleCycle/Execute.scala
2023.12.01 16:54:58 WARN  no build target for: /home/saad/Desktop/Scala-Chisel-Learning-Journey/src/main/scala/gcd/SingleCycle/Execute.scala
2023.12.01 16:54:59 WARN  no build target for: /home/saad/Desktop/Scala-Chisel-Learning-Journey/src/main/scala/gcd/SingleCycle/Execute.scala
2023.12.01 16:55:02 WARN  no build target for: /home/saad/Desktop/Scala-Chisel-Learning-Journey/src/main/scala/gcd/SingleCycle/Execute.scala
2023.12.01 16:55:06 WARN  no build target for: /home/saad/Desktop/Scala-Chisel-Learning-Journey/src/main/scala/gcd/SingleCycle/Execute.scala
2023.12.01 16:55:09 WARN  no build target for: /home/saad/Desktop/Scala-Chisel-Learning-Journey/src/main/scala/gcd/SingleCycle/Execute.scala
2023.12.01 16:55:36 INFO  Shutting down server
2023.12.01 16:55:36 INFO  shutting down Metals
2023.12.01 16:55:36 INFO  Exiting server
2023.12.01 16:55:36 ERROR Unexpected error initializing server: 
org.eclipse.lsp4j.jsonrpc.ResponseErrorException: Request window/showMessageRequest failed with message: Canceled
	at org.eclipse.lsp4j.jsonrpc.RemoteEndpoint.handleResponse(RemoteEndpoint.java:209)
	at org.eclipse.lsp4j.jsonrpc.RemoteEndpoint.consume(RemoteEndpoint.java:193)
	at org.eclipse.lsp4j.jsonrpc.json.StreamMessageProducer.handleMessage(StreamMessageProducer.java:194)
	at org.eclipse.lsp4j.jsonrpc.json.StreamMessageProducer.listen(StreamMessageProducer.java:94)
	at org.eclipse.lsp4j.jsonrpc.json.ConcurrentMessageProcessor.run(ConcurrentMessageProcessor.java:113)
	at java.util.concurrent.Executors$RunnableAdapter.call(Executors.java:515)
	at java.util.concurrent.FutureTask.run(FutureTask.java:264)
	at java.util.concurrent.ThreadPoolExecutor.runWorker(ThreadPoolExecutor.java:1128)
	at java.util.concurrent.ThreadPoolExecutor$Worker.run(ThreadPoolExecutor.java:628)
	at java.lang.Thread.run(Thread.java:829)

2023.12.04 08:55:17 INFO  Started: Metals version 1.1.0 in folders '/home/saad/Desktop/Scala-Chisel-Learning-Journey/src' for client Visual Studio Code 1.84.2.
2023.12.04 08:55:19 WARN  Build server is not auto-connectable.
2023.12.04 08:55:19 WARN  no build target for: /home/saad/Desktop/Scala-Chisel-Learning-Journey/src/main/scala/gcd/SingleCycle/ALU.scala
2023.12.04 08:55:19 WARN  no build target for: /home/saad/Desktop/Scala-Chisel-Learning-Journey/src/main/scala/gcd/SingleCycle/Execute.scala
2023.12.04 08:55:26 INFO  no build target found for /home/saad/Desktop/Scala-Chisel-Learning-Journey/src/main/scala/gcd/SingleCycle/ALU.scala. Using presentation compiler with project's scala-library version: 3.3.1
2023.12.04 08:55:29 WARN  no build target for: /home/saad/Desktop/Scala-Chisel-Learning-Journey/src/main/scala/gcd/SingleCycle/Execute.scala
2023.12.04 08:55:30 INFO  time: code lens generation in 3.14s
2023.12.04 08:55:30 INFO  time: code lens generation in 2.69s
2023.12.04 08:55:30 INFO  time: code lens generation in 1.34s
2023.12.04 08:55:38 WARN  no build target for: /home/saad/Desktop/Scala-Chisel-Learning-Journey/src/main/scala/gcd/SingleCycle/Execute.scala
2023.12.04 08:55:40 WARN  no build target for: /home/saad/Desktop/Scala-Chisel-Learning-Journey/src/main/scala/gcd/SingleCycle/Execute.scala
2023.12.04 08:55:42 WARN  no build target for: /home/saad/Desktop/Scala-Chisel-Learning-Journey/src/main/scala/gcd/SingleCycle/Execute.scala
2023.12.04 08:55:45 WARN  no build target for: /home/saad/Desktop/Scala-Chisel-Learning-Journey/src/main/scala/gcd/SingleCycle/Branch.scala
2023.12.04 08:56:09 WARN  no build target for: /home/saad/Desktop/Scala-Chisel-Learning-Journey/src/main/scala/gcd/SingleCycle/Branch.scala
2023.12.04 08:56:11 WARN  no build target for: /home/saad/Desktop/Scala-Chisel-Learning-Journey/src/main/scala/gcd/SingleCycle/Branch.scala
2023.12.04 08:56:20 WARN  no build target for: /home/saad/Desktop/Scala-Chisel-Learning-Journey/src/main/scala/gcd/SingleCycle/Execute.scala
2023.12.04 08:56:25 WARN  no build target for: /home/saad/Desktop/Scala-Chisel-Learning-Journey/src/main/scala/gcd/SingleCycle/Execute.scala
2023.12.04 08:56:26 WARN  no build target for: /home/saad/Desktop/Scala-Chisel-Learning-Journey/src/main/scala/gcd/SingleCycle/Execute.scala
2023.12.04 10:59:38 WARN  no build target for: /home/saad/Desktop/Scala-Chisel-Learning-Journey/src/main/scala/gcd/SingleCycle/Decode.scala
2023.12.04 10:59:49 WARN  no build target for: /home/saad/Desktop/Scala-Chisel-Learning-Journey/src/main/scala/gcd/SingleCycle/DataPath.scala
2023.12.04 11:00:03 WARN  no build target for: /home/saad/Desktop/Scala-Chisel-Learning-Journey/src/main/scala/gcd/SingleCycle/Execute.scala
2023.12.04 11:00:16 WARN  no build target for: /home/saad/Desktop/Scala-Chisel-Learning-Journey/src/main/scala/gcd/SingleCycle/Execute.scala
2023.12.04 22:41:46 INFO  Shutting down server
2023.12.04 22:41:46 INFO  shutting down Metals
2023.12.04 22:41:46 INFO  Exiting server
2023.12.04 22:41:46 ERROR Unexpected error initializing server: 
org.eclipse.lsp4j.jsonrpc.ResponseErrorException: Request window/showMessageRequest failed with message: Canceled
	at org.eclipse.lsp4j.jsonrpc.RemoteEndpoint.handleResponse(RemoteEndpoint.java:209)
	at org.eclipse.lsp4j.jsonrpc.RemoteEndpoint.consume(RemoteEndpoint.java:193)
	at org.eclipse.lsp4j.jsonrpc.json.StreamMessageProducer.handleMessage(StreamMessageProducer.java:194)
	at org.eclipse.lsp4j.jsonrpc.json.StreamMessageProducer.listen(StreamMessageProducer.java:94)
	at org.eclipse.lsp4j.jsonrpc.json.ConcurrentMessageProcessor.run(ConcurrentMessageProcessor.java:113)
	at java.util.concurrent.Executors$RunnableAdapter.call(Executors.java:515)
	at java.util.concurrent.FutureTask.run(FutureTask.java:264)
	at java.util.concurrent.ThreadPoolExecutor.runWorker(ThreadPoolExecutor.java:1128)
	at java.util.concurrent.ThreadPoolExecutor$Worker.run(ThreadPoolExecutor.java:628)
	at java.lang.Thread.run(Thread.java:829)

2023.12.05 12:48:19 INFO  Started: Metals version 1.1.0 in folders '/home/saad/Desktop/Scala-Chisel-Learning-Journey/src' for client Visual Studio Code 1.84.2.
2023.12.05 12:48:21 WARN  Build server is not auto-connectable.
2023.12.05 12:48:21 WARN  no build target for: /home/saad/Desktop/Scala-Chisel-Learning-Journey/src/main/scala/gcd/SingleCycle/Execute.scala
2023.12.05 12:48:28 INFO  running '/usr/lib/jvm/java-11-openjdk-amd64/bin/java -Djline.terminal=jline.UnsupportedTerminal -Dsbt.log.noformat=true -Dfile.encoding=UTF-8 -jar /tmp/metals4602215020804348017/sbt-launch.jar -Dbloop.export-jar-classifiers=sources bloopInstall'
2023.12.05 12:48:28 INFO  no build target found for /home/saad/Desktop/Scala-Chisel-Learning-Journey/src/main/scala/gcd/SingleCycle/Execute.scala. Using presentation compiler with project's scala-library version: 3.3.1
2023.12.05 12:48:28 WARN  no build target for: /home/saad/Desktop/Scala-Chisel-Learning-Journey/src/project/project/metals.sbt
2023.12.05 12:48:28 WARN  no build target for: /home/saad/Desktop/Scala-Chisel-Learning-Journey/src/project/metals.sbt
2023.12.05 12:48:28 INFO  skipping build import with status 'Started'
2023.12.05 12:48:32 INFO  [info] welcome to sbt 1.9.5 (Ubuntu Java 11.0.21)
2023.12.05 12:48:35 INFO  time: code lens generation in 15s
2023.12.05 12:48:35 INFO  time: code lens generation in 7.33s
2023.12.05 12:48:42 INFO  [info] loading settings for project src-build-build from metals.sbt ...
2023.12.05 12:48:44 INFO  [info] loading project definition from /home/saad/Desktop/Scala-Chisel-Learning-Journey/src/project/project
2023.12.05 12:48:51 INFO  [info] loading settings for project src-build from metals.sbt ...
2023.12.05 12:48:51 INFO  [info] loading project definition from /home/saad/Desktop/Scala-Chisel-Learning-Journey/src/project
2023.12.05 12:49:28 INFO  [success] Generated .bloop/src-build.json
2023.12.05 12:49:28 INFO  [success] Total time: 36 s, completed Dec 5, 2023, 12:49:28 PM
2023.12.05 12:49:28 INFO  [info] set current project to src (in build file:/home/saad/Desktop/Scala-Chisel-Learning-Journey/src/)
2023.12.05 12:49:29 INFO  [success] Generated .bloop/src.json
2023.12.05 12:49:29 INFO  [success] Generated .bloop/src-test.json
2023.12.05 12:49:29 INFO  [success] Total time: 0 s, completed Dec 5, 2023, 12:49:29 PM
2023.12.05 12:49:30 INFO  time: ran 'sbt bloopInstall' in 1m2s
2023.12.05 12:49:30 INFO  Attempting to connect to the build server...
2023.12.05 12:49:30 INFO  Bloop uses /usr/lib/jvm/java-11-openjdk-amd64 defined at /home/saad/.bloop/bloop.json
2023.12.05 12:49:55 INFO  tracing is disabled for protocol BSP, to enable tracing of incoming and outgoing JSON messages create an empty file at /home/saad/Desktop/Scala-Chisel-Learning-Journey/src/.metals/bsp.trace.json or /home/saad/.cache/metals/bsp.trace.json
2023.12.05 12:50:15 ERROR Timeout waiting for 'build/initialize' response
2023.12.05 12:50:15 WARN  Retrying connection to the build server Bloop
2023.12.05 12:50:15 INFO  Bloop uses /usr/lib/jvm/java-11-openjdk-amd64 defined at /home/saad/.bloop/bloop.json
2023.12.05 12:50:15 INFO  tracing is disabled for protocol BSP, to enable tracing of incoming and outgoing JSON messages create an empty file at /home/saad/Desktop/Scala-Chisel-Learning-Journey/src/.metals/bsp.trace.json or /home/saad/.cache/metals/bsp.trace.json
2023.12.05 12:50:15 INFO  Attempting to connect to the build server...
2023.12.05 12:50:15 INFO  Bloop uses /usr/lib/jvm/java-11-openjdk-amd64 defined at /home/saad/.bloop/bloop.json
2023.12.05 12:50:15 INFO  tracing is disabled for protocol BSP, to enable tracing of incoming and outgoing JSON messages create an empty file at /home/saad/Desktop/Scala-Chisel-Learning-Journey/src/project/.metals/bsp.trace.json or /home/saad/.cache/metals/bsp.trace.json
2023.12.05 12:50:35 ERROR Timeout waiting for 'build/initialize' response
2023.12.05 12:50:35 WARN  Retrying connection to the build server Bloop
2023.12.05 12:50:35 INFO  Bloop uses /usr/lib/jvm/java-11-openjdk-amd64 defined at /home/saad/.bloop/bloop.json
2023.12.05 12:50:35 INFO  tracing is disabled for protocol BSP, to enable tracing of incoming and outgoing JSON messages create an empty file at /home/saad/Desktop/Scala-Chisel-Learning-Journey/src/project/.metals/bsp.trace.json or /home/saad/.cache/metals/bsp.trace.json
2023.12.05 12:50:55 ERROR Timeout waiting for 'build/initialize' response
2023.12.05 12:50:55 WARN  Retrying connection to the build server Bloop
2023.12.05 12:50:55 INFO  Bloop uses /usr/lib/jvm/java-11-openjdk-amd64 defined at /home/saad/.bloop/bloop.json
2023.12.05 12:50:55 INFO  tracing is disabled for protocol BSP, to enable tracing of incoming and outgoing JSON messages create an empty file at /home/saad/Desktop/Scala-Chisel-Learning-Journey/src/project/.metals/bsp.trace.json or /home/saad/.cache/metals/bsp.trace.json
2023.12.05 12:51:00 INFO  time: Connected to build server in 1m30s
2023.12.05 12:51:00 INFO  Connected to Build server: Bloop v1.5.11
2023.12.05 12:51:00 INFO  time: Imported build in 0.28s
2023.12.05 16:41:18 INFO  Started: Metals version 1.1.0 in folders '/home/saad/Desktop/Scala-Chisel-Learning-Journey/src' for client Visual Studio Code 1.84.2.
2023.12.05 16:41:23 INFO  no build target found for /home/saad/Desktop/Scala-Chisel-Learning-Journey/src/main/scala/gcd/SingleCycle/TopModule.scala. Using presentation compiler with project's scala-library version: 3.3.1
2023.12.05 16:41:24 INFO  Attempting to connect to the build server...
2023.12.05 16:41:24 INFO  skipping build import with status 'Installed'
2023.12.05 16:41:24 INFO  Bloop uses /usr/lib/jvm/java-11-openjdk-amd64 defined at /home/saad/.bloop/bloop.json
2023.12.05 16:41:24 INFO  tracing is disabled for protocol BSP, to enable tracing of incoming and outgoing JSON messages create an empty file at /home/saad/Desktop/Scala-Chisel-Learning-Journey/src/.metals/bsp.trace.json or /home/saad/.cache/metals/bsp.trace.json
2023.12.05 16:41:24 INFO  Attempting to connect to the build server...
2023.12.05 16:41:24 INFO  Bloop uses /usr/lib/jvm/java-11-openjdk-amd64 defined at /home/saad/.bloop/bloop.json
2023.12.05 16:41:24 INFO  tracing is disabled for protocol BSP, to enable tracing of incoming and outgoing JSON messages create an empty file at /home/saad/Desktop/Scala-Chisel-Learning-Journey/src/project/.metals/bsp.trace.json or /home/saad/.cache/metals/bsp.trace.json
2023.12.05 16:41:24 INFO  time: Connected to build server in 1.1s
2023.12.05 16:41:25 INFO  Connected to Build server: Bloop v1.5.11
2023.12.05 16:41:25 INFO  time: Imported build in 0.13s
